[ 2014-09-17T18:38:43+08:00 ] 127.0.0.1 /
INFO: [ app_init ] --START--
INFO: Run Behavior\BuildLiteBehavior [ RunTime:0.000024s ]
INFO: [ app_init ] --END-- [ RunTime:0.006302s ]
INFO: [ app_begin ] --START--
INFO: Run Behavior\ReadHtmlCacheBehavior [ RunTime:0.007431s ]
INFO: [ app_begin ] --END-- [ RunTime:0.007555s ]
INFO: [ view_parse ] --START--
INFO: [ template_filter ] --START--
INFO: Run Behavior\ContentReplaceBehavior [ RunTime:0.000059s ]
INFO: [ template_filter ] --END-- [ RunTime:0.000152s ]
INFO: Run Behavior\ParseTemplateBehavior [ RunTime:0.071536s ]
INFO: [ view_parse ] --END-- [ RunTime:0.071663s ]
INFO: [ view_filter ] --START--
INFO: Run Behavior\WriteHtmlCacheBehavior [ RunTime:0.005573s ]
INFO: [ view_filter ] --END-- [ RunTime:0.005705s ]
INFO: [ app_end ] --START--
INFO: Run Behavior\ShowPageTraceBehavior [ RunTime:0.005883s ]
INFO: [ app_end ] --END-- [ RunTime:0.006015s ]

[ 2014-09-17T18:38:44+08:00 ] 127.0.0.1 /index.php/Home/User/login.html
INFO: [ app_init ] --START--
INFO: Run Behavior\BuildLiteBehavior [ RunTime:0.000037s ]
INFO: [ app_init ] --END-- [ RunTime:0.000755s ]
INFO: [ app_begin ] --START--
INFO: Run Behavior\ReadHtmlCacheBehavior [ RunTime:0.001004s ]
INFO: [ app_begin ] --END-- [ RunTime:0.001096s ]
INFO: [ view_parse ] --START--
INFO: [ template_filter ] --START--
INFO: Run Behavior\ContentReplaceBehavior [ RunTime:0.000086s ]
INFO: [ template_filter ] --END-- [ RunTime:0.000186s ]
INFO: Run Behavior\ParseTemplateBehavior [ RunTime:0.033215s ]
INFO: [ view_parse ] --END-- [ RunTime:0.033324s ]
INFO: [ view_filter ] --START--
INFO: Run Behavior\WriteHtmlCacheBehavior [ RunTime:0.000902s ]
INFO: [ view_filter ] --END-- [ RunTime:0.000977s ]
INFO: [ app_end ] --START--
INFO: Run Behavior\ShowPageTraceBehavior [ RunTime:0.001471s ]
INFO: [ app_end ] --END-- [ RunTime:0.001654s ]

[ 2014-09-17T18:38:44+08:00 ] 127.0.0.1 /index.php/Home/User/locss.css
INFO: [ app_init ] --START--
INFO: Run Behavior\BuildLiteBehavior [ RunTime:0.000028s ]
INFO: [ app_init ] --END-- [ RunTime:0.000551s ]
INFO: [ app_begin ] --START--
INFO: Run Behavior\ReadHtmlCacheBehavior [ RunTime:0.000887s ]
INFO: [ app_begin ] --END-- [ RunTime:0.001023s ]
ERR: 非法操作:locss.css

[ 2014-09-17T18:38:45+08:00 ] 127.0.0.1 /index.php/Home/User/verify.html
INFO: [ app_init ] --START--
INFO: Run Behavior\BuildLiteBehavior [ RunTime:0.000034s ]
INFO: [ app_init ] --END-- [ RunTime:0.000772s ]
INFO: [ app_begin ] --START--
INFO: Run Behavior\ReadHtmlCacheBehavior [ RunTime:0.001424s ]
INFO: [ app_begin ] --END-- [ RunTime:0.001550s ]
INFO: [ app_end ] --START--
INFO: Run Behavior\ShowPageTraceBehavior [ RunTime:0.005343s ]
INFO: [ app_end ] --END-- [ RunTime:0.005522s ]

[ 2014-09-17T18:38:47+08:00 ] 127.0.0.1 /index.php/Home/User/login.html
INFO: [ app_init ] --START--
INFO: Run Behavior\BuildLiteBehavior [ RunTime:0.000021s ]
INFO: [ app_init ] --END-- [ RunTime:0.000630s ]
INFO: [ app_begin ] --START--
INFO: Run Behavior\ReadHtmlCacheBehavior [ RunTime:0.000962s ]
INFO: [ app_begin ] --END-- [ RunTime:0.001046s ]
SQL: SHOW COLUMNS FROM `fiveacg_user` [ RunTime:0.016216s ]
SQL: SELECT * FROM `fiveacg_user` WHERE `email` = 'sxcuican@163.com' LIMIT 1   [ RunTime:0.000331s ]
INFO: [ view_parse ] --START--
INFO: [ template_filter ] --START--
INFO: Run Behavior\ContentReplaceBehavior [ RunTime:0.000070s ]
INFO: [ template_filter ] --END-- [ RunTime:0.000180s ]
INFO: Run Behavior\ParseTemplateBehavior [ RunTime:0.030069s ]
INFO: [ view_parse ] --END-- [ RunTime:0.030189s ]
INFO: [ view_filter ] --START--
INFO: Run Behavior\WriteHtmlCacheBehavior [ RunTime:0.001028s ]
INFO: [ view_filter ] --END-- [ RunTime:0.001130s ]
INFO: [ app_end ] --START--
INFO: Run Behavior\ShowPageTraceBehavior [ RunTime:0.001379s ]
INFO: [ app_end ] --END-- [ RunTime:0.001482s ]

[ 2014-09-17T18:38:48+08:00 ] 127.0.0.1 /index.php/Home/Index.html
INFO: [ app_init ] --START--
INFO: Run Behavior\BuildLiteBehavior [ RunTime:0.000032s ]
INFO: [ app_init ] --END-- [ RunTime:0.000733s ]
INFO: [ app_begin ] --START--
INFO: Run Behavior\ReadHtmlCacheBehavior [ RunTime:0.001346s ]
INFO: [ app_begin ] --END-- [ RunTime:0.001490s ]
INFO: [ view_parse ] --START--
INFO: [ template_filter ] --START--
INFO: Run Behavior\ContentReplaceBehavior [ RunTime:0.000086s ]
INFO: [ template_filter ] --END-- [ RunTime:0.000228s ]
INFO: Run Behavior\ParseTemplateBehavior [ RunTime:0.019114s ]
INFO: [ view_parse ] --END-- [ RunTime:0.019319s ]
INFO: [ view_filter ] --START--
INFO: Run Behavior\WriteHtmlCacheBehavior [ RunTime:0.001359s ]
INFO: [ view_filter ] --END-- [ RunTime:0.001508s ]
INFO: [ app_end ] --START--
INFO: Run Behavior\ShowPageTraceBehavior [ RunTime:0.001594s ]
INFO: [ app_end ] --END-- [ RunTime:0.001725s ]

[ 2014-09-17T18:38:49+08:00 ] 127.0.0.1 /index.php/Home/User/people.html/2
INFO: [ app_init ] --START--
INFO: Run Behavior\BuildLiteBehavior [ RunTime:0.000034s ]
INFO: [ app_init ] --END-- [ RunTime:0.000725s ]
INFO: [ app_begin ] --START--
INFO: Run Behavior\ReadHtmlCacheBehavior [ RunTime:0.001375s ]
INFO: [ app_begin ] --END-- [ RunTime:0.001517s ]
SQL: SHOW COLUMNS FROM `fiveacg_user` [ RunTime:0.022469s ]
SQL: SELECT * FROM `fiveacg_user` WHERE ( uid=2 ) LIMIT 1   [ RunTime:0.037347s ]
NOTIC: [8] Undefined variable: fans D:\phpStudy\WWW\Application\Home\Controller\UserController.class.php 第 145 行.
INFO: [ view_parse ] --START--
INFO: [ template_filter ] --START--
INFO: Run Behavior\ContentReplaceBehavior [ RunTime:0.000104s ]
INFO: [ template_filter ] --END-- [ RunTime:0.000225s ]
NOTIC: [8] Undefined variable: iflogin D:\phpStudy\WWW\Application\Runtime\Cache\Home\fc7a126913bcfb8906c258603de6080f.php 第 104 行.
NOTIC: [8] Undefined variable: row D:\phpStudy\WWW\Application\Runtime\Cache\Home\fc7a126913bcfb8906c258603de6080f.php 第 113 行.
NOTIC: [8] Undefined variable: pagecon D:\phpStudy\WWW\Application\Runtime\Cache\Home\fc7a126913bcfb8906c258603de6080f.php 第 127 行.
NOTIC: [8] Undefined variable: pagecon D:\phpStudy\WWW\Application\Runtime\Cache\Home\fc7a126913bcfb8906c258603de6080f.php 第 130 行.
NOTIC: [8] Undefined variable: pagecon D:\phpStudy\WWW\Application\Runtime\Cache\Home\fc7a126913bcfb8906c258603de6080f.php 第 140 行.
INFO: Run Behavior\ParseTemplateBehavior [ RunTime:0.027639s ]
INFO: [ view_parse ] --END-- [ RunTime:0.027748s ]
INFO: [ view_filter ] --START--
INFO: Run Behavior\WriteHtmlCacheBehavior [ RunTime:0.001013s ]
INFO: [ view_filter ] --END-- [ RunTime:0.001113s ]
INFO: [ app_end ] --START--
INFO: Run Behavior\ShowPageTraceBehavior [ RunTime:0.001378s ]
INFO: [ app_end ] --END-- [ RunTime:0.001485s ]

[ 2014-09-17T18:39:10+08:00 ] 127.0.0.1 /index.php/Home/User/people.html/2
INFO: [ app_init ] --START--
INFO: Run Behavior\BuildLiteBehavior [ RunTime:0.000030s ]
INFO: [ app_init ] --END-- [ RunTime:0.000842s ]
INFO: [ app_begin ] --START--
INFO: Run Behavior\ReadHtmlCacheBehavior [ RunTime:0.001706s ]
INFO: [ app_begin ] --END-- [ RunTime:0.001868s ]
SQL: SHOW COLUMNS FROM `fiveacg_user` [ RunTime:0.022142s ]
SQL: SELECT * FROM `fiveacg_user` WHERE ( uid=2 ) LIMIT 1   [ RunTime:0.000452s ]
NOTIC: [8] Undefined variable: fans D:\phpStudy\WWW\Application\Home\Controller\UserController.class.php 第 145 行.
INFO: [ view_parse ] --START--
INFO: [ template_filter ] --START--
INFO: Run Behavior\ContentReplaceBehavior [ RunTime:0.000097s ]
INFO: [ template_filter ] --END-- [ RunTime:0.000242s ]
NOTIC: [8] Undefined variable: iflogin D:\phpStudy\WWW\Application\Runtime\Cache\Home\fc7a126913bcfb8906c258603de6080f.php 第 104 行.
NOTIC: [8] Undefined variable: row D:\phpStudy\WWW\Application\Runtime\Cache\Home\fc7a126913bcfb8906c258603de6080f.php 第 113 行.
NOTIC: [8] Undefined variable: pagecon D:\phpStudy\WWW\Application\Runtime\Cache\Home\fc7a126913bcfb8906c258603de6080f.php 第 127 行.
NOTIC: [8] Undefined variable: pagecon D:\phpStudy\WWW\Application\Runtime\Cache\Home\fc7a126913bcfb8906c258603de6080f.php 第 130 行.
INFO: Run Behavior\ParseTemplateBehavior [ RunTime:0.029732s ]
INFO: [ view_parse ] --END-- [ RunTime:0.029853s ]
INFO: [ view_filter ] --START--
INFO: Run Behavior\WriteHtmlCacheBehavior [ RunTime:0.001345s ]
INFO: [ view_filter ] --END-- [ RunTime:0.001479s ]
INFO: [ app_end ] --START--
INFO: Run Behavior\ShowPageTraceBehavior [ RunTime:0.001786s ]
INFO: [ app_end ] --END-- [ RunTime:0.001924s ]

[ 2014-09-17T18:39:55+08:00 ] 127.0.0.1 /index.php/Home/User/people.html/2
INFO: [ app_init ] --START--
INFO: Run Behavior\BuildLiteBehavior [ RunTime:0.000031s ]
INFO: [ app_init ] --END-- [ RunTime:0.000510s ]
INFO: [ app_begin ] --START--
INFO: Run Behavior\ReadHtmlCacheBehavior [ RunTime:0.000568s ]
INFO: [ app_begin ] --END-- [ RunTime:0.000667s ]
SQL: SHOW COLUMNS FROM `fiveacg_user` [ RunTime:0.022104s ]
SQL: SELECT * FROM `fiveacg_user` WHERE ( uid=2 ) LIMIT 1   [ RunTime:0.000388s ]
NOTIC: [8] Undefined variable: fans D:\phpStudy\WWW\Application\Home\Controller\UserController.class.php 第 145 行.
INFO: [ view_parse ] --START--
INFO: [ template_filter ] --START--
INFO: Run Behavior\ContentReplaceBehavior [ RunTime:0.000106s ]
INFO: [ template_filter ] --END-- [ RunTime:0.000236s ]
NOTIC: [8] Undefined variable: iflogin D:\phpStudy\WWW\Application\Runtime\Cache\Home\fc7a126913bcfb8906c258603de6080f.php 第 104 行.
NOTIC: [8] Undefined variable: row D:\phpStudy\WWW\Application\Runtime\Cache\Home\fc7a126913bcfb8906c258603de6080f.php 第 113 行.
NOTIC: [8] Undefined variable: pagecon D:\phpStudy\WWW\Application\Runtime\Cache\Home\fc7a126913bcfb8906c258603de6080f.php 第 127 行.
NOTIC: [8] Undefined variable: pagecon D:\phpStudy\WWW\Application\Runtime\Cache\Home\fc7a126913bcfb8906c258603de6080f.php 第 130 行.
INFO: Run Behavior\ParseTemplateBehavior [ RunTime:0.024956s ]
INFO: [ view_parse ] --END-- [ RunTime:0.025065s ]
INFO: [ view_filter ] --START--
INFO: Run Behavior\WriteHtmlCacheBehavior [ RunTime:0.000480s ]
INFO: [ view_filter ] --END-- [ RunTime:0.000571s ]
INFO: [ app_end ] --START--
INFO: Run Behavior\ShowPageTraceBehavior [ RunTime:0.000824s ]
INFO: [ app_end ] --END-- [ RunTime:0.000939s ]

[ 2014-09-17T18:40:09+08:00 ] 127.0.0.1 /index.php/Home/User/people.html/2
INFO: [ app_init ] --START--
INFO: Run Behavior\BuildLiteBehavior [ RunTime:0.000021s ]
INFO: [ app_init ] --END-- [ RunTime:0.000482s ]
INFO: [ app_begin ] --START--
INFO: Run Behavior\ReadHtmlCacheBehavior [ RunTime:0.001094s ]
INFO: [ app_begin ] --END-- [ RunTime:0.001215s ]
SQL: SHOW COLUMNS FROM `fiveacg_user` [ RunTime:0.021510s ]
SQL: SELECT * FROM `fiveacg_user` WHERE ( uid=2 ) LIMIT 1   [ RunTime:0.000340s ]
NOTIC: [8] Undefined variable: fans D:\phpStudy\WWW\Application\Home\Controller\UserController.class.php 第 145 行.
INFO: [ view_parse ] --START--
INFO: [ template_filter ] --START--
INFO: Run Behavior\ContentReplaceBehavior [ RunTime:0.000081s ]
INFO: [ template_filter ] --END-- [ RunTime:0.000187s ]
NOTIC: [8] Undefined variable: iflogin D:\phpStudy\WWW\Application\Runtime\Cache\Home\fc7a126913bcfb8906c258603de6080f.php 第 104 行.
NOTIC: [8] Undefined variable: row D:\phpStudy\WWW\Application\Runtime\Cache\Home\fc7a126913bcfb8906c258603de6080f.php 第 113 行.
NOTIC: [8] Undefined variable: pagecon D:\phpStudy\WWW\Application\Runtime\Cache\Home\fc7a126913bcfb8906c258603de6080f.php 第 127 行.
NOTIC: [8] Undefined variable: pagecon D:\phpStudy\WWW\Application\Runtime\Cache\Home\fc7a126913bcfb8906c258603de6080f.php 第 130 行.
INFO: Run Behavior\ParseTemplateBehavior [ RunTime:0.012618s ]
INFO: [ view_parse ] --END-- [ RunTime:0.012705s ]
INFO: [ view_filter ] --START--
INFO: Run Behavior\WriteHtmlCacheBehavior [ RunTime:0.000645s ]
INFO: [ view_filter ] --END-- [ RunTime:0.000734s ]
INFO: [ app_end ] --START--
INFO: Run Behavior\ShowPageTraceBehavior [ RunTime:0.001010s ]
INFO: [ app_end ] --END-- [ RunTime:0.001096s ]

[ 2014-09-17T19:06:26+08:00 ] 127.0.0.1 /vq/gslbinfo?utime=157&error=0&gone=8001&split=2&proxyurl=http%3A%2F%2F120.210.209.73%2F566%2F98%2F31%2F0fe6919ebc160275d491d81ef3742aaa-f4v-h264-aac-450-32-300002.0-18330933-1363244039669-2e5e23bd400220f8146cc6bcacbc82fb-2-00-00-00.f4v%3Fvid%3D58256108%26lp%3D8084%26lroot%3D%2F3%26kfd%3D1%26cmd%3D0%26start%3D0%26uuid%3D1B52DDCA06A30226031BFFD8E12B4FA20A76A5C7%26srchost%3D183.60.96.145%26srcroot%3D%2F11%26s%3D0%26tm%3D1411038389%26key%3Dd8853e8e1810493cca1eee28369e19a4%26diskid%3D90%26lr%3D0%26nlh%3D0%26check%3D1%26id%3Dku6_vod%26usrip%3D120.210.180.100%26uloc%3D12.0.4%26ipsm%3D1%26ext%3D.f4v&ver=Version%203.0.2726%20build:201409161631&fid=http://120.210.209.73/566/98/31/0fe6919ebc160275d491d81ef3742aaa-f4v-h264-aac-450-32-300002.0-18330933-1363244039669-2e5e23bd400220f8146cc6bcacbc82fb-2-00-00-00.f4v?vid=58256108&lp=8084&lroot=/3&kfd=1&cmd=0&start=0&uuid=1B52DDCA06A30226031BFFD8E12B4FA20A76A5C7&srchost=183.60.96.145&srcroot=/11&s=0&tm=1411038389&key=d8853e8e1810493cca1eee28369e19a4&diskid=90&lr=0&nlh=0&check=1&id=ku6_vod&usrip=120.210.180.100&uloc=12.0.4&ipsm=1&ext=.f4v&uuid=1B52DDCA06A30226031BFFD8E12B4FA20A76A5C7&url=http%3A%2F%2Fv.ku6.com%2Fshow%2FKRHpsrz1C1zKgm_RFXTopQ...html
INFO: [ app_init ] --START--
INFO: Run Behavior\BuildLiteBehavior [ RunTime:0.000031s ]
INFO: [ app_init ] --END-- [ RunTime:0.000603s ]
INFO: [ app_begin ] --START--
INFO: Run Behavior\ReadHtmlCacheBehavior [ RunTime:0.000883s ]
INFO: [ app_begin ] --END-- [ RunTime:0.001010s ]
INFO: [ view_parse ] --START--
INFO: [ template_filter ] --START--
INFO: Run Behavior\ContentReplaceBehavior [ RunTime:0.000084s ]
INFO: [ template_filter ] --END-- [ RunTime:0.000214s ]
INFO: Run Behavior\ParseTemplateBehavior [ RunTime:0.022209s ]
INFO: [ view_parse ] --END-- [ RunTime:0.022395s ]
INFO: [ view_filter ] --START--
INFO: Run Behavior\WriteHtmlCacheBehavior [ RunTime:0.000633s ]
INFO: [ view_filter ] --END-- [ RunTime:0.000756s ]
INFO: [ app_end ] --START--
INFO: Run Behavior\ShowPageTraceBehavior [ RunTime:0.007396s ]
INFO: [ app_end ] --END-- [ RunTime:0.007527s ]

[ 2014-09-17T19:07:24+08:00 ] 127.0.0.1 /vq/gslbinfo?utime=122&error=0&gone=8001&split=3&proxyurl=http%3A%2F%2F120.210.209.70%2F566%2F36%2F80%2Fd25aa8f3622a60e73b9385a7af2f6d10-f4v-h264-aac-416-32-178978.0-10183604-1363244040250-ad1adf469c6841cfec5af58406b14bde-3-00-00-00.f4v%3Fvid%3D58256108%26lp%3D8081%26lroot%3D%2F0%26kfd%3D1%26cmd%3D0%26start%3D0%26uuid%3D1B52DDCA06A30226031BFFD8E12B4FA20A76A5C7%26srchost%3D112.90.39.36%26srcroot%3D%2F1%26s%3D0%26tm%3D1411038447%26key%3D4d22c7320c942b50a7b4fe527489389d%26diskid%3D99%26lr%3D0%26nlh%3D0%26check%3D1%26id%3Dku6_vod%26usrip%3D120.210.180.100%26uloc%3D12.0.4%26ipsm%3D1%26ext%3D.f4v&ver=Version%203.0.2726%20build:201409161631&fid=http://120.210.209.70/566/36/80/d25aa8f3622a60e73b9385a7af2f6d10-f4v-h264-aac-416-32-178978.0-10183604-1363244040250-ad1adf469c6841cfec5af58406b14bde-3-00-00-00.f4v?vid=58256108&lp=8081&lroot=/0&kfd=1&cmd=0&start=0&uuid=1B52DDCA06A30226031BFFD8E12B4FA20A76A5C7&srchost=112.90.39.36&srcroot=/1&s=0&tm=1411038447&key=4d22c7320c942b50a7b4fe527489389d&diskid=99&lr=0&nlh=0&check=1&id=ku6_vod&usrip=120.210.180.100&uloc=12.0.4&ipsm=1&ext=.f4v&uuid=1B52DDCA06A30226031BFFD8E12B4FA20A76A5C7&url=http%3A%2F%2Fv.ku6.com%2Fshow%2FKRHpsrz1C1zKgm_RFXTopQ...html
INFO: [ app_init ] --START--
INFO: Run Behavior\BuildLiteBehavior [ RunTime:0.000033s ]
INFO: [ app_init ] --END-- [ RunTime:0.000652s ]
INFO: [ app_begin ] --START--
INFO: Run Behavior\ReadHtmlCacheBehavior [ RunTime:0.004690s ]
INFO: [ app_begin ] --END-- [ RunTime:0.005441s ]
INFO: [ view_parse ] --START--
INFO: [ template_filter ] --START--
INFO: Run Behavior\ContentReplaceBehavior [ RunTime:0.000091s ]
INFO: [ template_filter ] --END-- [ RunTime:0.000225s ]
INFO: Run Behavior\ParseTemplateBehavior [ RunTime:0.032677s ]
INFO: [ view_parse ] --END-- [ RunTime:0.032815s ]
INFO: [ view_filter ] --START--
INFO: Run Behavior\WriteHtmlCacheBehavior [ RunTime:0.000343s ]
INFO: [ view_filter ] --END-- [ RunTime:0.000424s ]
INFO: [ app_end ] --START--
INFO: Run Behavior\ShowPageTraceBehavior [ RunTime:0.000920s ]
INFO: [ app_end ] --END-- [ RunTime:0.001032s ]

