[ 2014-10-08T16:25:02+08:00 ] 127.0.0.1 /index.php/Home/Team/3.html
INFO: [ app_begin ] --START--
INFO: Run Behavior\ReadHtmlCacheBehavior [ RunTime:0.000624s ]
INFO: [ app_begin ] --END-- [ RunTime:0.001060s ]
SQL: SHOW COLUMNS FROM `ahgfrx_project_team_duty_details` [ RunTime:0.013469s ]
SQL: SHOW COLUMNS FROM `ahgfrx_user` [ RunTime:0.028721s ]
SQL: SELECT `uid` FROM `ahgfrx_user` WHERE ( username='ç’\¨' ) LIMIT 1   [ RunTime:0.000283s ]
SQL: INSERT INTO `ahgfrx_project_team_duty_details` (`uid`,`name`,`content`,`duty_id`,`touid`,`deadline`,`pid`) VALUES (1,'æ–°çš„ä»»åŠ¡','å…³äºŽè¿™ä¸ªä»»åŠ¡',2,1,'',3) [ RunTime:0.001633s ]
INFO: [ app_end ] --START--
INFO: Run Behavior\ShowPageTraceBehavior [ RunTime:0.001280s ]
INFO: [ app_end ] --END-- [ RunTime:0.001501s ]

[ 2014-10-08T17:46:30+08:00 ] 127.0.0.1 /index.php/Home/Team/3.html
INFO: [ app_begin ] --START--
INFO: Run Behavior\ReadHtmlCacheBehavior [ RunTime:0.000566s ]
INFO: [ app_begin ] --END-- [ RunTime:0.000913s ]
SQL: SHOW COLUMNS FROM `ahgfrx_project_team_duty_details` [ RunTime:0.012156s ]
SQL: SHOW COLUMNS FROM `ahgfrx_user` [ RunTime:0.035277s ]
SQL: SELECT `uid` FROM `ahgfrx_user` WHERE ( username='ç’\¨' ) LIMIT 1   [ RunTime:0.000298s ]
SQL: INSERT INTO `ahgfrx_project_team_duty_details` (`uid`,`name`,`content`,`duty_id`,`touid`,`deadline`,`pid`) VALUES (1,'æµ‹è¯•æŒ‡æ´¾','123',2,1,'',3) [ RunTime:0.002910s ]
INFO: [ app_end ] --START--
INFO: Run Behavior\ShowPageTraceBehavior [ RunTime:0.000961s ]
INFO: [ app_end ] --END-- [ RunTime:0.001057s ]

[ 2014-10-08T18:18:51+08:00 ] 127.0.0.1 /lview?c=www&loc=News_F_Width1,News_F_LD_RM,F_Width2,News_F_RM,News_F_Rectangle,F_ZQ_1,F_ZQ_2,F_ZQ_2A,News_F_UpRight,F_ZQ_3,News_F_bottom_Width,news_f_mwb&callback=crystal.callbackarea&rot=1&ri=l.&chl=news&k=%E4%BB%8A%E6%99%9A%E5%85%A8%E5%9B%BD%E8%8C%83%E5%9B%B4%E5%B0%86%E7%8E%B0%E6%9C%88%E5%85%A8%E9%A3%9F%20%E5%8F%AF%E8%A7%82%E7%BD%95%E8%A7%81%E2%80%9C%E7%BA%A2%E6%9C%88%E2%80%9D%2C%E7%BA%A2%E6%9C%88%2C%E5%AF%87%E6%96%87&t=%E4%BB%8A%E6%99%9A%E5%85%A8%E5%9B%BD%E8%8C%83%E5%9B%B4%E5%B0%86%E7%8E%B0%E6%9C%88%E5%85%A8%E9%A3%9F%20%E5%8F%AF%E8%A7%82%E7%BD%95%E8%A7%81%E2%80%9C%E7%BA%A2%E6%9C%88%E2%80%9D_&r=baidu%7C%E6%9C%88%E5%85%A8%E9%A3%9F&s=
ERR: æ— æ³•åŠ è½½æŽ§åˆ¶å™¨:Www

[ 2014-10-08T18:18:51+08:00 ] 127.0.0.1 /lview?c=www&loc=F_RM1&callback=crystal.callbackarea&ri=l.&chl=news&k=%E4%BB%8A%E6%99%9A%E5%85%A8%E5%9B%BD%E8%8C%83%E5%9B%B4%E5%B0%86%E7%8E%B0%E6%9C%88%E5%85%A8%E9%A3%9F%20%E5%8F%AF%E8%A7%82%E7%BD%95%E8%A7%81%E2%80%9C%E7%BA%A2%E6%9C%88%E2%80%9D%2C%E7%BA%A2%E6%9C%88%2C%E5%AF%87%E6%96%87&t=%E4%BB%8A%E6%99%9A%E5%85%A8%E5%9B%BD%E8%8C%83%E5%9B%B4%E5%B0%86%E7%8E%B0%E6%9C%88%E5%85%A8%E9%A3%9F%20%E5%8F%AF%E8%A7%82%E7%BD%95%E8%A7%81%E2%80%9C%E7%BA%A2%E6%9C%88%E2%80%9D_&r=baidu%7C%E6%9C%88%E5%85%A8%E9%A3%9F&s=
ERR: æ— æ³•åŠ è½½æŽ§åˆ¶å™¨:Www

[ 2014-10-08T19:17:11+08:00 ] 127.0.0.1 /index.php/Home/Team/3.html
INFO: [ app_begin ] --START--
INFO: Run Behavior\ReadHtmlCacheBehavior [ RunTime:0.000612s ]
INFO: [ app_begin ] --END-- [ RunTime:0.000997s ]
SQL: SHOW COLUMNS FROM `ahgfrx_project_team_duty_details` [ RunTime:0.010239s ]
SQL: SELECT `touid` FROM `ahgfrx_project_team_duty_details` WHERE ( id=3 ) LIMIT 1   [ RunTime:0.000268s ]
SQL: UPDATE `ahgfrx_project_team_duty_details` SET `active`=1 WHERE `id` = 3 [ RunTime:0.078790s ]
INFO: [ app_end ] --START--
INFO: Run Behavior\ShowPageTraceBehavior [ RunTime:0.000797s ]
INFO: [ app_end ] --END-- [ RunTime:0.000875s ]

[ 2014-10-08T22:19:48+08:00 ] 127.0.0.1 /index.php/Home/Team/3.html
ERR: XMLæ ‡ç­¾è¯­æ³•é”™è¯¯ : condition="$myvo['active'] eq 1" /[æ­£åœ¨è¿›è¡Œ]
          <esleif condition="$myvo['active'] eq 2" 

[ 2014-10-08T22:37:44+08:00 ] 127.0.0.1 /index.php/Home/Team/3.html
INFO: [ app_begin ] --START--
INFO: Run Behavior\ReadHtmlCacheBehavior [ RunTime:0.000754s ]
INFO: [ app_begin ] --END-- [ RunTime:0.001151s ]
SQL: SHOW COLUMNS FROM `ahgfrx_project_team_duty_details` [ RunTime:0.012494s ]
SQL: SELECT `touid` FROM `ahgfrx_project_team_duty_details` WHERE ( id=3 ) LIMIT 1   [ RunTime:0.000357s ]
SQL: UPDATE `ahgfrx_project_team_duty_details` SET `active`=2 WHERE `id` = 3 [ RunTime:0.000325s ]
INFO: [ app_end ] --START--
INFO: Run Behavior\ShowPageTraceBehavior [ RunTime:0.000957s ]
INFO: [ app_end ] --END-- [ RunTime:0.001025s ]

[ 2014-10-08T22:37:48+08:00 ] 127.0.0.1 /index.php/Home/Team/3.html
INFO: [ app_begin ] --START--
INFO: Run Behavior\ReadHtmlCacheBehavior [ RunTime:0.000806s ]
INFO: [ app_begin ] --END-- [ RunTime:0.001287s ]
SQL: SHOW COLUMNS FROM `ahgfrx_project_team_duty_details` [ RunTime:0.013997s ]
INFO: [ app_end ] --START--
INFO: Run Behavior\ShowPageTraceBehavior [ RunTime:0.001004s ]
INFO: [ app_end ] --END-- [ RunTime:0.001081s ]

[ 2014-10-08T22:38:26+08:00 ] 127.0.0.1 /index.php/Home/Team/3.html
INFO: [ app_begin ] --START--
INFO: Run Behavior\ReadHtmlCacheBehavior [ RunTime:0.001078s ]
INFO: [ app_begin ] --END-- [ RunTime:0.001465s ]
SQL: SHOW COLUMNS FROM `ahgfrx_project_team_duty_details` [ RunTime:0.011724s ]
SQL: SELECT `touid` FROM `ahgfrx_project_team_duty_details` WHERE ( id=3 ) LIMIT 1   [ RunTime:0.000363s ]
SQL: UPDATE `ahgfrx_project_team_duty_details` SET `active`=1 WHERE `id` = 3 [ RunTime:0.000317s ]
INFO: [ app_end ] --START--
INFO: Run Behavior\ShowPageTraceBehavior [ RunTime:0.000847s ]
INFO: [ app_end ] --END-- [ RunTime:0.000919s ]

[ 2014-10-08T22:39:25+08:00 ] 127.0.0.1 /index.php/Home/Team/3.html
INFO: [ app_begin ] --START--
INFO: Run Behavior\ReadHtmlCacheBehavior [ RunTime:0.000633s ]
INFO: [ app_begin ] --END-- [ RunTime:0.000974s ]
SQL: SHOW COLUMNS FROM `ahgfrx_project_team_duty_details` [ RunTime:0.012505s ]
INFO: [ app_end ] --START--
INFO: Run Behavior\ShowPageTraceBehavior [ RunTime:0.000830s ]
INFO: [ app_end ] --END-- [ RunTime:0.000917s ]

[ 2014-10-08T22:39:49+08:00 ] 127.0.0.1 /index.php/Home/Team/3.html
INFO: [ app_begin ] --START--
INFO: Run Behavior\ReadHtmlCacheBehavior [ RunTime:0.000794s ]
INFO: [ app_begin ] --END-- [ RunTime:0.001245s ]
SQL: SHOW COLUMNS FROM `ahgfrx_project_team_duty_details` [ RunTime:0.011289s ]
INFO: [ app_end ] --START--
INFO: Run Behavior\ShowPageTraceBehavior [ RunTime:0.000857s ]
INFO: [ app_end ] --END-- [ RunTime:0.000924s ]

[ 2014-10-08T22:39:53+08:00 ] 127.0.0.1 /index.php/Home/Team/3.html
INFO: [ app_begin ] --START--
INFO: Run Behavior\ReadHtmlCacheBehavior [ RunTime:0.001239s ]
INFO: [ app_begin ] --END-- [ RunTime:0.001672s ]
SQL: SHOW COLUMNS FROM `ahgfrx_project_team_duty_details` [ RunTime:0.011504s ]
INFO: [ app_end ] --START--
INFO: Run Behavior\ShowPageTraceBehavior [ RunTime:0.001008s ]
INFO: [ app_end ] --END-- [ RunTime:0.001096s ]

[ 2014-10-08T22:39:58+08:00 ] 127.0.0.1 /index.php/Home/Team/3.html
INFO: [ app_begin ] --START--
INFO: Run Behavior\ReadHtmlCacheBehavior [ RunTime:0.001113s ]
INFO: [ app_begin ] --END-- [ RunTime:0.001539s ]
SQL: SHOW COLUMNS FROM `ahgfrx_project_team_duty_details` [ RunTime:0.011195s ]
SQL: SELECT `touid` FROM `ahgfrx_project_team_duty_details` WHERE ( id=3 ) LIMIT 1   [ RunTime:0.000343s ]
SQL: UPDATE `ahgfrx_project_team_duty_details` SET `active`=2 WHERE `id` = 3 [ RunTime:0.000313s ]
INFO: [ app_end ] --START--
INFO: Run Behavior\ShowPageTraceBehavior [ RunTime:0.000983s ]
INFO: [ app_end ] --END-- [ RunTime:0.001051s ]

[ 2014-10-08T22:40:02+08:00 ] 127.0.0.1 /index.php/Home/Team/3.html
INFO: [ app_begin ] --START--
INFO: Run Behavior\ReadHtmlCacheBehavior [ RunTime:0.000744s ]
INFO: [ app_begin ] --END-- [ RunTime:0.001137s ]
SQL: SHOW COLUMNS FROM `ahgfrx_project_team_duty_details` [ RunTime:0.011116s ]
SQL: SELECT `touid` FROM `ahgfrx_project_team_duty_details` WHERE ( id=3 ) LIMIT 1   [ RunTime:0.000395s ]
SQL: UPDATE `ahgfrx_project_team_duty_details` SET `active`=1 WHERE `id` = 3 [ RunTime:0.000310s ]
INFO: [ app_end ] --START--
INFO: Run Behavior\ShowPageTraceBehavior [ RunTime:0.000963s ]
INFO: [ app_end ] --END-- [ RunTime:0.001033s ]

[ 2014-10-08T22:40:03+08:00 ] 127.0.0.1 /index.php/Home/Team/3.html
INFO: [ app_begin ] --START--
INFO: Run Behavior\ReadHtmlCacheBehavior [ RunTime:0.000743s ]
INFO: [ app_begin ] --END-- [ RunTime:0.001119s ]
SQL: SHOW COLUMNS FROM `ahgfrx_project_team_duty_details` [ RunTime:0.012406s ]
SQL: SELECT `touid` FROM `ahgfrx_project_team_duty_details` WHERE ( id=3 ) LIMIT 1   [ RunTime:0.000437s ]
SQL: UPDATE `ahgfrx_project_team_duty_details` SET `active`=1 WHERE `id` = 3 [ RunTime:0.000296s ]
INFO: [ app_end ] --START--
INFO: Run Behavior\ShowPageTraceBehavior [ RunTime:0.001398s ]
INFO: [ app_end ] --END-- [ RunTime:0.001499s ]

[ 2014-10-08T22:40:08+08:00 ] 127.0.0.1 /index.php/Home/Team/3.html
INFO: [ app_begin ] --START--
INFO: Run Behavior\ReadHtmlCacheBehavior [ RunTime:0.000622s ]
INFO: [ app_begin ] --END-- [ RunTime:0.000975s ]
SQL: SHOW COLUMNS FROM `ahgfrx_project_team_duty_details` [ RunTime:0.012868s ]
SQL: SELECT `touid` FROM `ahgfrx_project_team_duty_details` WHERE ( id=3 ) LIMIT 1   [ RunTime:0.000355s ]
SQL: UPDATE `ahgfrx_project_team_duty_details` SET `active`=2 WHERE `id` = 3 [ RunTime:0.000330s ]
INFO: [ app_end ] --START--
INFO: Run Behavior\ShowPageTraceBehavior [ RunTime:0.000848s ]
INFO: [ app_end ] --END-- [ RunTime:0.000916s ]

[ 2014-10-08T22:40:12+08:00 ] 127.0.0.1 /index.php/Home/Team/3.html
INFO: [ app_begin ] --START--
INFO: Run Behavior\ReadHtmlCacheBehavior [ RunTime:0.000768s ]
INFO: [ app_begin ] --END-- [ RunTime:0.001194s ]
SQL: SHOW COLUMNS FROM `ahgfrx_project_team_duty_details` [ RunTime:0.009912s ]
INFO: [ app_end ] --START--
INFO: Run Behavior\ShowPageTraceBehavior [ RunTime:0.000822s ]
INFO: [ app_end ] --END-- [ RunTime:0.000880s ]

[ 2014-10-08T22:40:13+08:00 ] 127.0.0.1 /index.php/Home/Team/3.html
INFO: [ app_begin ] --START--
INFO: Run Behavior\ReadHtmlCacheBehavior [ RunTime:0.000739s ]
INFO: [ app_begin ] --END-- [ RunTime:0.001117s ]
SQL: SHOW COLUMNS FROM `ahgfrx_project_team_duty_details` [ RunTime:0.011517s ]
INFO: [ app_end ] --START--
INFO: Run Behavior\ShowPageTraceBehavior [ RunTime:0.000932s ]
INFO: [ app_end ] --END-- [ RunTime:0.001000s ]

[ 2014-10-08T22:41:04+08:00 ] 127.0.0.1 /index.php/Home/Team/3.html
INFO: [ app_begin ] --START--
INFO: Run Behavior\ReadHtmlCacheBehavior [ RunTime:0.000853s ]
INFO: [ app_begin ] --END-- [ RunTime:0.001294s ]
SQL: SHOW COLUMNS FROM `ahgfrx_project_team_duty_details` [ RunTime:0.011963s ]
SQL: SELECT `touid` FROM `ahgfrx_project_team_duty_details` WHERE ( id=3 ) LIMIT 1   [ RunTime:0.000361s ]
SQL: UPDATE `ahgfrx_project_team_duty_details` SET `active`=0 WHERE `id` = 3 [ RunTime:0.000307s ]
INFO: [ app_end ] --START--
INFO: Run Behavior\ShowPageTraceBehavior [ RunTime:0.000859s ]
INFO: [ app_end ] --END-- [ RunTime:0.000919s ]

[ 2014-10-08T22:41:05+08:00 ] 127.0.0.1 /index.php/Home/Team/3.html
INFO: [ app_begin ] --START--
INFO: Run Behavior\ReadHtmlCacheBehavior [ RunTime:0.000956s ]
INFO: [ app_begin ] --END-- [ RunTime:0.001483s ]
SQL: SHOW COLUMNS FROM `ahgfrx_project_team_duty_details` [ RunTime:0.011832s ]
SQL: SELECT `touid` FROM `ahgfrx_project_team_duty_details` WHERE ( id=3 ) LIMIT 1   [ RunTime:0.000271s ]
SQL: UPDATE `ahgfrx_project_team_duty_details` SET `active`=1 WHERE `id` = 3 [ RunTime:0.000259s ]
INFO: [ app_end ] --START--
INFO: Run Behavior\ShowPageTraceBehavior [ RunTime:0.001084s ]
INFO: [ app_end ] --END-- [ RunTime:0.001174s ]

[ 2014-10-08T22:41:06+08:00 ] 127.0.0.1 /index.php/Home/Team/3.html
INFO: [ app_begin ] --START--
INFO: Run Behavior\ReadHtmlCacheBehavior [ RunTime:0.000852s ]
INFO: [ app_begin ] --END-- [ RunTime:0.001282s ]
SQL: SHOW COLUMNS FROM `ahgfrx_project_team_duty_details` [ RunTime:0.012457s ]
SQL: SELECT `touid` FROM `ahgfrx_project_team_duty_details` WHERE ( id=3 ) LIMIT 1   [ RunTime:0.000335s ]
SQL: UPDATE `ahgfrx_project_team_duty_details` SET `active`=2 WHERE `id` = 3 [ RunTime:0.000307s ]
INFO: [ app_end ] --START--
INFO: Run Behavior\ShowPageTraceBehavior [ RunTime:0.000950s ]
INFO: [ app_end ] --END-- [ RunTime:0.001013s ]

[ 2014-10-08T22:41:21+08:00 ] 127.0.0.1 /index.php/Home/Team/3.html
INFO: [ app_begin ] --START--
INFO: Run Behavior\ReadHtmlCacheBehavior [ RunTime:0.000822s ]
INFO: [ app_begin ] --END-- [ RunTime:0.001310s ]
SQL: SHOW COLUMNS FROM `ahgfrx_project_team_duty_details` [ RunTime:0.011886s ]
SQL: SELECT `touid` FROM `ahgfrx_project_team_duty_details` WHERE ( id=3 ) LIMIT 1   [ RunTime:0.000302s ]
SQL: UPDATE `ahgfrx_project_team_duty_details` SET `active`=2 WHERE `id` = 3 [ RunTime:0.000201s ]
INFO: [ app_end ] --START--
INFO: Run Behavior\ShowPageTraceBehavior [ RunTime:0.000839s ]
INFO: [ app_end ] --END-- [ RunTime:0.000914s ]

[ 2014-10-08T22:41:22+08:00 ] 127.0.0.1 /index.php/Home/Team/3.html
INFO: [ app_begin ] --START--
INFO: Run Behavior\ReadHtmlCacheBehavior [ RunTime:0.000623s ]
INFO: [ app_begin ] --END-- [ RunTime:0.000959s ]
SQL: SHOW COLUMNS FROM `ahgfrx_project_team_duty_details` [ RunTime:0.010237s ]
SQL: SELECT `touid` FROM `ahgfrx_project_team_duty_details` WHERE ( id=3 ) LIMIT 1   [ RunTime:0.000283s ]
SQL: UPDATE `ahgfrx_project_team_duty_details` SET `active`=0 WHERE `id` = 3 [ RunTime:0.000227s ]
INFO: [ app_end ] --START--
INFO: Run Behavior\ShowPageTraceBehavior [ RunTime:0.000720s ]
INFO: [ app_end ] --END-- [ RunTime:0.000774s ]

[ 2014-10-08T22:41:24+08:00 ] 127.0.0.1 /index.php/Home/Team/3.html
INFO: [ app_begin ] --START--
INFO: Run Behavior\ReadHtmlCacheBehavior [ RunTime:0.000845s ]
INFO: [ app_begin ] --END-- [ RunTime:0.001293s ]
SQL: SHOW COLUMNS FROM `ahgfrx_project_team_duty_details` [ RunTime:0.012562s ]
SQL: SELECT `touid` FROM `ahgfrx_project_team_duty_details` WHERE ( id=3 ) LIMIT 1   [ RunTime:0.000306s ]
SQL: UPDATE `ahgfrx_project_team_duty_details` SET `active`=1 WHERE `id` = 3 [ RunTime:0.000234s ]
INFO: [ app_end ] --START--
INFO: Run Behavior\ShowPageTraceBehavior [ RunTime:0.000711s ]
INFO: [ app_end ] --END-- [ RunTime:0.000765s ]

[ 2014-10-08T22:41:25+08:00 ] 127.0.0.1 /index.php/Home/Team/3.html
INFO: [ app_begin ] --START--
INFO: Run Behavior\ReadHtmlCacheBehavior [ RunTime:0.000636s ]
INFO: [ app_begin ] --END-- [ RunTime:0.000993s ]
SQL: SHOW COLUMNS FROM `ahgfrx_project_team_duty_details` [ RunTime:0.012828s ]
SQL: SELECT `touid` FROM `ahgfrx_project_team_duty_details` WHERE ( id=3 ) LIMIT 1   [ RunTime:0.000329s ]
SQL: UPDATE `ahgfrx_project_team_duty_details` SET `active`=2 WHERE `id` = 3 [ RunTime:0.000270s ]
INFO: [ app_end ] --START--
INFO: Run Behavior\ShowPageTraceBehavior [ RunTime:0.000823s ]
INFO: [ app_end ] --END-- [ RunTime:0.000888s ]

[ 2014-10-08T22:41:28+08:00 ] 127.0.0.1 /index.php/Home/Team/3.html
INFO: [ app_begin ] --START--
INFO: Run Behavior\ReadHtmlCacheBehavior [ RunTime:0.000658s ]
INFO: [ app_begin ] --END-- [ RunTime:0.001028s ]
SQL: SHOW COLUMNS FROM `ahgfrx_project_team_duty_details` [ RunTime:0.013501s ]
SQL: SELECT `touid` FROM `ahgfrx_project_team_duty_details` WHERE ( id=3 ) LIMIT 1   [ RunTime:0.000368s ]
SQL: UPDATE `ahgfrx_project_team_duty_details` SET `active`=0 WHERE `id` = 3 [ RunTime:0.000497s ]
INFO: [ app_end ] --START--
INFO: Run Behavior\ShowPageTraceBehavior [ RunTime:0.000925s ]
INFO: [ app_end ] --END-- [ RunTime:0.001020s ]

[ 2014-10-08T22:41:29+08:00 ] 127.0.0.1 /index.php/Home/Team/3.html
INFO: [ app_begin ] --START--
INFO: Run Behavior\ReadHtmlCacheBehavior [ RunTime:0.000732s ]
INFO: [ app_begin ] --END-- [ RunTime:0.001177s ]
SQL: SHOW COLUMNS FROM `ahgfrx_project_team_duty_details` [ RunTime:0.012473s ]
SQL: SELECT `touid` FROM `ahgfrx_project_team_duty_details` WHERE ( id=3 ) LIMIT 1   [ RunTime:0.000337s ]
SQL: UPDATE `ahgfrx_project_team_duty_details` SET `active`=1 WHERE `id` = 3 [ RunTime:0.000302s ]
INFO: [ app_end ] --START--
INFO: Run Behavior\ShowPageTraceBehavior [ RunTime:0.001014s ]
INFO: [ app_end ] --END-- [ RunTime:0.001101s ]

[ 2014-10-08T22:41:29+08:00 ] 127.0.0.1 /index.php/Home/Team/3.html
INFO: [ app_begin ] --START--
INFO: Run Behavior\ReadHtmlCacheBehavior [ RunTime:0.000647s ]
INFO: [ app_begin ] --END-- [ RunTime:0.001007s ]
SQL: SHOW COLUMNS FROM `ahgfrx_project_team_duty_details` [ RunTime:0.008887s ]
SQL: SELECT `touid` FROM `ahgfrx_project_team_duty_details` WHERE ( id=3 ) LIMIT 1   [ RunTime:0.000373s ]
SQL: UPDATE `ahgfrx_project_team_duty_details` SET `active`=2 WHERE `id` = 3 [ RunTime:0.000327s ]
INFO: [ app_end ] --START--
INFO: Run Behavior\ShowPageTraceBehavior [ RunTime:0.000906s ]
INFO: [ app_end ] --END-- [ RunTime:0.000986s ]

[ 2014-10-08T22:56:43+08:00 ] 127.0.0.1 /index.php/Home/Team/3.html
INFO: [ app_begin ] --START--
INFO: Run Behavior\ReadHtmlCacheBehavior [ RunTime:0.000727s ]
INFO: [ app_begin ] --END-- [ RunTime:0.001261s ]
SQL: SHOW COLUMNS FROM `ahgfrx_project_team_duty_details` [ RunTime:0.010598s ]
SQL: SELECT `touid` FROM `ahgfrx_project_team_duty_details` WHERE ( id=3 ) LIMIT 1   [ RunTime:0.000312s ]
SQL: UPDATE `ahgfrx_project_team_duty_details` SET `active`=2 WHERE `id` = 3 [ RunTime:0.000241s ]
INFO: [ app_end ] --START--
INFO: Run Behavior\ShowPageTraceBehavior [ RunTime:0.000734s ]
INFO: [ app_end ] --END-- [ RunTime:0.000790s ]

[ 2014-10-08T22:56:44+08:00 ] 127.0.0.1 /index.php/Home/Team/3.html
INFO: [ app_begin ] --START--
INFO: Run Behavior\ReadHtmlCacheBehavior [ RunTime:0.001019s ]
INFO: [ app_begin ] --END-- [ RunTime:0.001624s ]
SQL: SHOW COLUMNS FROM `ahgfrx_project_team_duty_details` [ RunTime:0.010960s ]
SQL: SELECT `touid` FROM `ahgfrx_project_team_duty_details` WHERE ( id=3 ) LIMIT 1   [ RunTime:0.000332s ]
SQL: UPDATE `ahgfrx_project_team_duty_details` SET `active`=1 WHERE `id` = 3 [ RunTime:0.000269s ]
INFO: [ app_end ] --START--
INFO: Run Behavior\ShowPageTraceBehavior [ RunTime:0.000737s ]
INFO: [ app_end ] --END-- [ RunTime:0.000794s ]

[ 2014-10-08T22:56:45+08:00 ] 127.0.0.1 /index.php/Home/Team/3.html
INFO: [ app_begin ] --START--
INFO: Run Behavior\ReadHtmlCacheBehavior [ RunTime:0.000725s ]
INFO: [ app_begin ] --END-- [ RunTime:0.001097s ]
SQL: SHOW COLUMNS FROM `ahgfrx_project_team_duty_details` [ RunTime:0.011741s ]
SQL: SELECT `touid` FROM `ahgfrx_project_team_duty_details` WHERE ( id=3 ) LIMIT 1   [ RunTime:0.000386s ]
SQL: UPDATE `ahgfrx_project_team_duty_details` SET `active`=0 WHERE `id` = 3 [ RunTime:0.000344s ]
INFO: [ app_end ] --START--
INFO: Run Behavior\ShowPageTraceBehavior [ RunTime:0.000887s ]
INFO: [ app_end ] --END-- [ RunTime:0.000958s ]

[ 2014-10-08T22:56:46+08:00 ] 127.0.0.1 /index.php/Home/Team/3.html
INFO: [ app_begin ] --START--
INFO: Run Behavior\ReadHtmlCacheBehavior [ RunTime:0.000634s ]
INFO: [ app_begin ] --END-- [ RunTime:0.001005s ]
SQL: SHOW COLUMNS FROM `ahgfrx_project_team_duty_details` [ RunTime:0.012055s ]
SQL: SELECT `touid` FROM `ahgfrx_project_team_duty_details` WHERE ( id=3 ) LIMIT 1   [ RunTime:0.000635s ]
SQL: UPDATE `ahgfrx_project_team_duty_details` SET `active`=1 WHERE `id` = 3 [ RunTime:0.000354s ]
INFO: [ app_end ] --START--
INFO: Run Behavior\ShowPageTraceBehavior [ RunTime:0.001170s ]
INFO: [ app_end ] --END-- [ RunTime:0.001279s ]

[ 2014-10-08T22:58:11+08:00 ] 127.0.0.1 /index.php/Home/Team/3.html
INFO: [ app_begin ] --START--
INFO: Run Behavior\ReadHtmlCacheBehavior [ RunTime:0.000974s ]
INFO: [ app_begin ] --END-- [ RunTime:0.001441s ]
SQL: SHOW COLUMNS FROM `ahgfrx_project_team_duty_details` [ RunTime:0.012424s ]
SQL: SELECT `touid` FROM `ahgfrx_project_team_duty_details` WHERE ( id=3 ) LIMIT 1   [ RunTime:0.000384s ]
SQL: UPDATE `ahgfrx_project_team_duty_details` SET `active`=0 WHERE `id` = 3 [ RunTime:0.000382s ]
INFO: [ app_end ] --START--
INFO: Run Behavior\ShowPageTraceBehavior [ RunTime:0.001157s ]
INFO: [ app_end ] --END-- [ RunTime:0.001248s ]

[ 2014-10-08T22:58:12+08:00 ] 127.0.0.1 /index.php/Home/Team/3.html
INFO: [ app_begin ] --START--
INFO: Run Behavior\ReadHtmlCacheBehavior [ RunTime:0.000615s ]
INFO: [ app_begin ] --END-- [ RunTime:0.000921s ]
SQL: SHOW COLUMNS FROM `ahgfrx_project_team_duty_details` [ RunTime:0.010459s ]
SQL: SELECT `touid` FROM `ahgfrx_project_team_duty_details` WHERE ( id=3 ) LIMIT 1   [ RunTime:0.000340s ]
SQL: UPDATE `ahgfrx_project_team_duty_details` SET `active`=1 WHERE `id` = 3 [ RunTime:0.000253s ]
INFO: [ app_end ] --START--
INFO: Run Behavior\ShowPageTraceBehavior [ RunTime:0.000917s ]
INFO: [ app_end ] --END-- [ RunTime:0.000996s ]

[ 2014-10-08T22:58:13+08:00 ] 127.0.0.1 /index.php/Home/Team/3.html
INFO: [ app_begin ] --START--
INFO: Run Behavior\ReadHtmlCacheBehavior [ RunTime:0.001018s ]
INFO: [ app_begin ] --END-- [ RunTime:0.001618s ]
SQL: SHOW COLUMNS FROM `ahgfrx_project_team_duty_details` [ RunTime:0.012361s ]
SQL: SELECT `touid` FROM `ahgfrx_project_team_duty_details` WHERE ( id=3 ) LIMIT 1   [ RunTime:0.000436s ]
SQL: UPDATE `ahgfrx_project_team_duty_details` SET `active`=2 WHERE `id` = 3 [ RunTime:0.000331s ]
INFO: [ app_end ] --START--
INFO: Run Behavior\ShowPageTraceBehavior [ RunTime:0.000869s ]
INFO: [ app_end ] --END-- [ RunTime:0.000938s ]

[ 2014-10-08T22:59:16+08:00 ] 127.0.0.1 /index.php/Home/Team/3.html
INFO: [ app_begin ] --START--
INFO: Run Behavior\ReadHtmlCacheBehavior [ RunTime:0.000817s ]
INFO: [ app_begin ] --END-- [ RunTime:0.001336s ]
SQL: SHOW COLUMNS FROM `ahgfrx_project_team_duty_details` [ RunTime:0.010748s ]
SQL: SELECT `touid` FROM `ahgfrx_project_team_duty_details` WHERE ( id=2 ) LIMIT 1   [ RunTime:0.000417s ]
SQL: UPDATE `ahgfrx_project_team_duty_details` SET `active`=1 WHERE `id` = 2 [ RunTime:0.000343s ]
INFO: [ app_end ] --START--
INFO: Run Behavior\ShowPageTraceBehavior [ RunTime:0.001021s ]
INFO: [ app_end ] --END-- [ RunTime:0.001104s ]

[ 2014-10-08T23:13:09+08:00 ] 127.0.0.1 /Home/Project/3
INFO: [ app_begin ] --START--
INFO: Run Behavior\ReadHtmlCacheBehavior [ RunTime:0.000640s ]
INFO: [ app_begin ] --END-- [ RunTime:0.001011s ]
SQL: SHOW COLUMNS FROM `ahgfrx_project_member` [ RunTime:0.011140s ]
SQL: SHOW COLUMNS FROM `ahgfrx_project` [ RunTime:0.013082s ]
SQL: SELECT * FROM `ahgfrx_project` WHERE ( id=3 AND uid=1 ) LIMIT 1   [ RunTime:0.000374s ]
SQL: SELECT * FROM `ahgfrx_project_member` WHERE ( pid=3 AND uid=3 ) LIMIT 1   [ RunTime:0.000325s ]
SQL: UPDATE `ahgfrx_project_member` SET `admin`=0 WHERE `id` = 1 [ RunTime:0.000213s ]
INFO: [ app_end ] --START--
INFO: Run Behavior\ShowPageTraceBehavior [ RunTime:0.000793s ]
INFO: [ app_end ] --END-- [ RunTime:0.000855s ]

[ 2014-10-08T23:17:44+08:00 ] 127.0.0.1 /Home/Project/3
INFO: [ app_begin ] --START--
INFO: Run Behavior\ReadHtmlCacheBehavior [ RunTime:0.000627s ]
INFO: [ app_begin ] --END-- [ RunTime:0.001015s ]
SQL: SHOW COLUMNS FROM `ahgfrx_project_member` [ RunTime:0.009100s ]
SQL: SHOW COLUMNS FROM `ahgfrx_project` [ RunTime:0.010505s ]
SQL: SELECT * FROM `ahgfrx_project` WHERE ( id=3 AND uid=1 ) LIMIT 1   [ RunTime:0.000322s ]
SQL: SELECT * FROM `ahgfrx_project_member` WHERE ( pid=3 AND uid=3 ) LIMIT 1   [ RunTime:0.000245s ]
SQL: UPDATE `ahgfrx_project_member` SET `admin`=1 WHERE `id` = 1 [ RunTime:0.000174s ]
INFO: [ app_end ] --START--
INFO: Run Behavior\ShowPageTraceBehavior [ RunTime:0.000704s ]
INFO: [ app_end ] --END-- [ RunTime:0.000768s ]

[ 2014-10-08T23:17:56+08:00 ] 127.0.0.1 /Home/Project/3
INFO: [ app_begin ] --START--
INFO: Run Behavior\ReadHtmlCacheBehavior [ RunTime:0.000583s ]
INFO: [ app_begin ] --END-- [ RunTime:0.000937s ]
SQL: SHOW COLUMNS FROM `ahgfrx_project_member` [ RunTime:0.010026s ]
SQL: SHOW COLUMNS FROM `ahgfrx_project` [ RunTime:0.010910s ]
SQL: SELECT * FROM `ahgfrx_project` WHERE ( id=3 AND uid=1 ) LIMIT 1   [ RunTime:0.000445s ]
SQL: SELECT * FROM `ahgfrx_project_member` WHERE ( pid=3 AND uid=3 ) LIMIT 1   [ RunTime:0.000346s ]
SQL: UPDATE `ahgfrx_project_member` SET `admin`=0 WHERE `id` = 1 [ RunTime:0.000227s ]
INFO: [ app_end ] --START--
INFO: Run Behavior\ShowPageTraceBehavior [ RunTime:0.000805s ]
INFO: [ app_end ] --END-- [ RunTime:0.000873s ]

[ 2014-10-08T23:48:15+08:00 ] 127.0.0.1 /
INFO: [ app_init ] --START--
INFO: Run Behavior\BuildLiteBehavior [ RunTime:0.000016s ]
INFO: [ app_init ] --END-- [ RunTime:0.000338s ]
INFO: [ app_begin ] --START--
INFO: Run Behavior\ReadHtmlCacheBehavior [ RunTime:0.000611s ]
INFO: [ app_begin ] --END-- [ RunTime:0.000672s ]
SQL: SHOW COLUMNS FROM `ahgfrx_inform` [ RunTime:0.013798s ]
SQL: SHOW COLUMNS FROM `ahgfrx_project` [ RunTime:0.013305s ]
SQL: SELECT * FROM `ahgfrx_project` WHERE ( uid=%d )  [ RunTime:0.000190s ]
ERR: 1064:You have an error in your SQL syntax; check the manual that corresponds to your MySQL server version for the right syntax to use near '%d )' at line 1
 [ SQLè¯­å¥ ] : SELECT * FROM `ahgfrx_project` WHERE ( uid=%d ) 
SQL: SHOW COLUMNS FROM `ahgfrx_project_member` [ RunTime:0.009908s ]
SQL: SELECT * FROM `ahgfrx_project_member` WHERE ( uid=%d )  [ RunTime:0.000161s ]
ERR: 1064:You have an error in your SQL syntax; check the manual that corresponds to your MySQL server version for the right syntax to use near '%d )' at line 1
 [ SQLè¯­å¥ ] : SELECT * FROM `ahgfrx_project_member` WHERE ( uid=%d ) 
SQL: SELECT * FROM `ahgfrx_project_member` WHERE ( uid=%d AND admin=1 )  [ RunTime:0.000127s ]
ERR: 1064:You have an error in your SQL syntax; check the manual that corresponds to your MySQL server version for the right syntax to use near '%d AND admin=1 )' at line 1
 [ SQLè¯­å¥ ] : SELECT * FROM `ahgfrx_project_member` WHERE ( uid=%d AND admin=1 ) 
SQL: SELECT * FROM `ahgfrx_inform` WHERE ( (class_id = 1) OR (project_id = ) ) ORDER BY cid desc LIMIT 0,30   [ RunTime:0.000113s ]
ERR: 1064:You have an error in your SQL syntax; check the manual that corresponds to your MySQL server version for the right syntax to use near ') ) ORDER BY cid desc LIMIT 0,30' at line 1
 [ SQLè¯­å¥ ] : SELECT * FROM `ahgfrx_inform` WHERE ( (class_id = 1) OR (project_id = ) ) ORDER BY cid desc LIMIT 0,30  
SQL: SELECT COUNT(*) AS tp_count FROM `ahgfrx_inform` WHERE ( (class_id = 1) OR (project_id = ) ) LIMIT 1   [ RunTime:0.000107s ]
ERR: 1064:You have an error in your SQL syntax; check the manual that corresponds to your MySQL server version for the right syntax to use near ') ) LIMIT 1' at line 1
 [ SQLè¯­å¥ ] : SELECT COUNT(*) AS tp_count FROM `ahgfrx_inform` WHERE ( (class_id = 1) OR (project_id = ) ) LIMIT 1  
SQL: SHOW COLUMNS FROM `ahgfrx_user` [ RunTime:0.026075s ]
SQL: SELECT `admin` FROM `ahgfrx_user` WHERE ( uid=%d ) LIMIT 1   [ RunTime:0.000094s ]
ERR: 1064:You have an error in your SQL syntax; check the manual that corresponds to your MySQL server version for the right syntax to use near '%d ) LIMIT 1' at line 1
 [ SQLè¯­å¥ ] : SELECT `admin` FROM `ahgfrx_user` WHERE ( uid=%d ) LIMIT 1  
INFO: [ view_parse ] --START--
INFO: [ template_filter ] --START--
INFO: Run Behavior\ContentReplaceBehavior [ RunTime:0.000082s ]
INFO: [ template_filter ] --END-- [ RunTime:0.000157s ]
NOTIC: [8] Undefined variable: inform_count D:\php\ahgfrx\1\Application\Runtime\Cache\Home\5f8cd486e46ca9e27770556a0e5e75a8.php ç¬¬ 120 è¡Œ.
NOTIC: [8] Undefined variable: inform_count D:\php\ahgfrx\1\Application\Runtime\Cache\Home\5f8cd486e46ca9e27770556a0e5e75a8.php ç¬¬ 120 è¡Œ.
INFO: Run Behavior\ParseTemplateBehavior [ RunTime:0.044878s ]
INFO: [ view_parse ] --END-- [ RunTime:0.044974s ]
INFO: [ view_filter ] --START--
INFO: Run Behavior\WriteHtmlCacheBehavior [ RunTime:0.000419s ]
INFO: [ view_filter ] --END-- [ RunTime:0.000477s ]
INFO: [ app_end ] --START--
INFO: Run Behavior\ShowPageTraceBehavior [ RunTime:0.000764s ]
INFO: [ app_end ] --END-- [ RunTime:0.000841s ]

[ 2014-10-08T23:48:15+08:00 ] 127.0.0.1 /Home/User/login
INFO: [ app_init ] --START--
INFO: Run Behavior\BuildLiteBehavior [ RunTime:0.000060s ]
INFO: [ app_init ] --END-- [ RunTime:0.000947s ]
INFO: [ app_begin ] --START--
INFO: Run Behavior\ReadHtmlCacheBehavior [ RunTime:0.001208s ]
INFO: [ app_begin ] --END-- [ RunTime:0.001366s ]
INFO: [ view_parse ] --START--
INFO: [ template_filter ] --START--
INFO: Run Behavior\ContentReplaceBehavior [ RunTime:0.000104s ]
INFO: [ template_filter ] --END-- [ RunTime:0.000232s ]
INFO: Run Behavior\ParseTemplateBehavior [ RunTime:0.026168s ]
INFO: [ view_parse ] --END-- [ RunTime:0.026306s ]
INFO: [ view_filter ] --START--
INFO: Run Behavior\WriteHtmlCacheBehavior [ RunTime:0.000597s ]
INFO: [ view_filter ] --END-- [ RunTime:0.000694s ]
INFO: [ app_end ] --START--
INFO: Run Behavior\ShowPageTraceBehavior [ RunTime:0.000965s ]
INFO: [ app_end ] --END-- [ RunTime:0.001067s ]

[ 2014-10-08T23:48:15+08:00 ] 127.0.0.1 /index.php/Home/User/verify.html
INFO: [ app_init ] --START--
INFO: Run Behavior\BuildLiteBehavior [ RunTime:0.000030s ]
INFO: [ app_init ] --END-- [ RunTime:0.000537s ]
INFO: [ app_begin ] --START--
INFO: Run Behavior\ReadHtmlCacheBehavior [ RunTime:0.001024s ]
INFO: [ app_begin ] --END-- [ RunTime:0.001153s ]
INFO: [ app_end ] --START--
INFO: Run Behavior\ShowPageTraceBehavior [ RunTime:0.001062s ]
INFO: [ app_end ] --END-- [ RunTime:0.001204s ]

[ 2014-10-08T23:49:03+08:00 ] 127.0.0.1 /Home/User/login
INFO: [ app_init ] --START--
INFO: Run Behavior\BuildLiteBehavior [ RunTime:0.000016s ]
INFO: [ app_init ] --END-- [ RunTime:0.000304s ]
INFO: [ app_begin ] --START--
INFO: Run Behavior\ReadHtmlCacheBehavior [ RunTime:0.000562s ]
INFO: [ app_begin ] --END-- [ RunTime:0.000632s ]
INFO: [ view_parse ] --START--
INFO: [ template_filter ] --START--
INFO: Run Behavior\ContentReplaceBehavior [ RunTime:0.000084s ]
INFO: [ template_filter ] --END-- [ RunTime:0.000209s ]
INFO: Run Behavior\ParseTemplateBehavior [ RunTime:0.014042s ]
INFO: [ view_parse ] --END-- [ RunTime:0.014125s ]
INFO: [ view_filter ] --START--
INFO: Run Behavior\WriteHtmlCacheBehavior [ RunTime:0.000427s ]
INFO: [ view_filter ] --END-- [ RunTime:0.000499s ]
INFO: [ app_end ] --START--
INFO: Run Behavior\ShowPageTraceBehavior [ RunTime:0.000866s ]
INFO: [ app_end ] --END-- [ RunTime:0.001016s ]

[ 2014-10-08T23:49:03+08:00 ] 127.0.0.1 /index.php/Home/User/verify.html
INFO: [ app_init ] --START--
INFO: Run Behavior\BuildLiteBehavior [ RunTime:0.000045s ]
INFO: [ app_init ] --END-- [ RunTime:0.000877s ]
INFO: [ app_begin ] --START--
INFO: Run Behavior\ReadHtmlCacheBehavior [ RunTime:0.001942s ]
INFO: [ app_begin ] --END-- [ RunTime:0.002158s ]
INFO: [ app_end ] --START--
INFO: Run Behavior\ShowPageTraceBehavior [ RunTime:0.001181s ]
INFO: [ app_end ] --END-- [ RunTime:0.001318s ]

