[ 2014-10-09T08:11:07+08:00 ] 127.0.0.1 /
INFO: [ app_init ] --START--
INFO: Run Behavior\BuildLiteBehavior [ RunTime:0.000022s ]
INFO: [ app_init ] --END-- [ RunTime:0.005026s ]
INFO: [ app_begin ] --START--
INFO: Run Behavior\ReadHtmlCacheBehavior [ RunTime:0.006347s ]
INFO: [ app_begin ] --END-- [ RunTime:0.006438s ]
SQL: SHOW COLUMNS FROM `ahgfrx_inform` [ RunTime:0.043785s ]
SQL: SHOW COLUMNS FROM `ahgfrx_project` [ RunTime:0.028687s ]
SQL: SELECT * FROM `ahgfrx_project` WHERE ( uid=%d )  [ RunTime:0.000242s ]
ERR: 1064:You have an error in your SQL syntax; check the manual that corresponds to your MySQL server version for the right syntax to use near '%d )' at line 1
 [ SQL语句 ] : SELECT * FROM `ahgfrx_project` WHERE ( uid=%d ) 
SQL: SHOW COLUMNS FROM `ahgfrx_project_member` [ RunTime:0.035956s ]
SQL: SELECT * FROM `ahgfrx_project_member` WHERE ( uid=%d )  [ RunTime:0.000142s ]
ERR: 1064:You have an error in your SQL syntax; check the manual that corresponds to your MySQL server version for the right syntax to use near '%d )' at line 1
 [ SQL语句 ] : SELECT * FROM `ahgfrx_project_member` WHERE ( uid=%d ) 
SQL: SELECT * FROM `ahgfrx_project_member` WHERE ( uid=%d AND admin=1 )  [ RunTime:0.000121s ]
ERR: 1064:You have an error in your SQL syntax; check the manual that corresponds to your MySQL server version for the right syntax to use near '%d AND admin=1 )' at line 1
 [ SQL语句 ] : SELECT * FROM `ahgfrx_project_member` WHERE ( uid=%d AND admin=1 ) 
SQL: SELECT * FROM `ahgfrx_inform` WHERE ( (class_id = 1) OR (project_id = ) ) ORDER BY cid desc LIMIT 0,30   [ RunTime:0.000136s ]
ERR: 1064:You have an error in your SQL syntax; check the manual that corresponds to your MySQL server version for the right syntax to use near ') ) ORDER BY cid desc LIMIT 0,30' at line 1
 [ SQL语句 ] : SELECT * FROM `ahgfrx_inform` WHERE ( (class_id = 1) OR (project_id = ) ) ORDER BY cid desc LIMIT 0,30  
SQL: SELECT COUNT(*) AS tp_count FROM `ahgfrx_inform` WHERE ( (class_id = 1) OR (project_id = ) ) LIMIT 1   [ RunTime:0.000129s ]
ERR: 1064:You have an error in your SQL syntax; check the manual that corresponds to your MySQL server version for the right syntax to use near ') ) LIMIT 1' at line 1
 [ SQL语句 ] : SELECT COUNT(*) AS tp_count FROM `ahgfrx_inform` WHERE ( (class_id = 1) OR (project_id = ) ) LIMIT 1  
SQL: SHOW COLUMNS FROM `ahgfrx_user` [ RunTime:0.040964s ]
SQL: SELECT `admin` FROM `ahgfrx_user` WHERE ( uid=%d ) LIMIT 1   [ RunTime:0.000180s ]
ERR: 1064:You have an error in your SQL syntax; check the manual that corresponds to your MySQL server version for the right syntax to use near '%d ) LIMIT 1' at line 1
 [ SQL语句 ] : SELECT `admin` FROM `ahgfrx_user` WHERE ( uid=%d ) LIMIT 1  
INFO: [ view_parse ] --START--
INFO: [ template_filter ] --START--
INFO: Run Behavior\ContentReplaceBehavior [ RunTime:0.000075s ]
INFO: [ template_filter ] --END-- [ RunTime:0.000140s ]
NOTIC: [8] Undefined variable: inform_count D:\php\ahgfrx\1\Application\Runtime\Cache\Home\5f8cd486e46ca9e27770556a0e5e75a8.php 第 120 行.
NOTIC: [8] Undefined variable: inform_count D:\php\ahgfrx\1\Application\Runtime\Cache\Home\5f8cd486e46ca9e27770556a0e5e75a8.php 第 120 行.
INFO: Run Behavior\ParseTemplateBehavior [ RunTime:0.086536s ]
INFO: [ view_parse ] --END-- [ RunTime:0.086617s ]
INFO: [ view_filter ] --START--
INFO: Run Behavior\WriteHtmlCacheBehavior [ RunTime:0.003954s ]
INFO: [ view_filter ] --END-- [ RunTime:0.004027s ]
INFO: [ app_end ] --START--
INFO: Run Behavior\ShowPageTraceBehavior [ RunTime:0.004211s ]
INFO: [ app_end ] --END-- [ RunTime:0.004283s ]

[ 2014-10-09T08:11:08+08:00 ] 127.0.0.1 /Home/User/login
INFO: [ app_init ] --START--
INFO: Run Behavior\BuildLiteBehavior [ RunTime:0.000029s ]
INFO: [ app_init ] --END-- [ RunTime:0.000617s ]
INFO: [ app_begin ] --START--
INFO: Run Behavior\ReadHtmlCacheBehavior [ RunTime:0.000894s ]
INFO: [ app_begin ] --END-- [ RunTime:0.001020s ]
INFO: [ view_parse ] --START--
INFO: [ template_filter ] --START--
INFO: Run Behavior\ContentReplaceBehavior [ RunTime:0.000052s ]
INFO: [ template_filter ] --END-- [ RunTime:0.000126s ]
INFO: Run Behavior\ParseTemplateBehavior [ RunTime:0.022754s ]
INFO: [ view_parse ] --END-- [ RunTime:0.022883s ]
INFO: [ view_filter ] --START--
INFO: Run Behavior\WriteHtmlCacheBehavior [ RunTime:0.000431s ]
INFO: [ view_filter ] --END-- [ RunTime:0.000522s ]
INFO: [ app_end ] --START--
INFO: Run Behavior\ShowPageTraceBehavior [ RunTime:0.000809s ]
INFO: [ app_end ] --END-- [ RunTime:0.000896s ]

[ 2014-10-09T08:11:08+08:00 ] 127.0.0.1 /index.php/Home/User/verify.html
INFO: [ app_init ] --START--
INFO: Run Behavior\BuildLiteBehavior [ RunTime:0.000023s ]
INFO: [ app_init ] --END-- [ RunTime:0.000450s ]
INFO: [ app_begin ] --START--
INFO: Run Behavior\ReadHtmlCacheBehavior [ RunTime:0.000810s ]
INFO: [ app_begin ] --END-- [ RunTime:0.000937s ]
INFO: [ app_end ] --START--
INFO: Run Behavior\ShowPageTraceBehavior [ RunTime:0.000652s ]
INFO: [ app_end ] --END-- [ RunTime:0.000760s ]

[ 2014-10-09T08:34:33+08:00 ] 127.0.0.1 /Home/User/login
INFO: [ app_init ] --START--
INFO: Run Behavior\BuildLiteBehavior [ RunTime:0.000030s ]
INFO: [ app_init ] --END-- [ RunTime:0.000500s ]
INFO: [ app_begin ] --START--
INFO: Run Behavior\ReadHtmlCacheBehavior [ RunTime:0.000664s ]
INFO: [ app_begin ] --END-- [ RunTime:0.000754s ]
INFO: [ view_parse ] --START--
INFO: [ template_filter ] --START--
INFO: Run Behavior\ContentReplaceBehavior [ RunTime:0.000084s ]
INFO: [ template_filter ] --END-- [ RunTime:0.000199s ]
INFO: Run Behavior\ParseTemplateBehavior [ RunTime:0.017884s ]
INFO: [ view_parse ] --END-- [ RunTime:0.017964s ]
INFO: [ view_filter ] --START--
INFO: Run Behavior\WriteHtmlCacheBehavior [ RunTime:0.000320s ]
INFO: [ view_filter ] --END-- [ RunTime:0.000379s ]
INFO: [ app_end ] --START--
INFO: Run Behavior\ShowPageTraceBehavior [ RunTime:0.000487s ]
INFO: [ app_end ] --END-- [ RunTime:0.000542s ]

[ 2014-10-09T08:34:33+08:00 ] 127.0.0.1 /index.php/Home/User/verify.html
INFO: [ app_init ] --START--
INFO: Run Behavior\BuildLiteBehavior [ RunTime:0.000029s ]
INFO: [ app_init ] --END-- [ RunTime:0.000798s ]
INFO: [ app_begin ] --START--
INFO: Run Behavior\ReadHtmlCacheBehavior [ RunTime:0.001572s ]
INFO: [ app_begin ] --END-- [ RunTime:0.001910s ]
INFO: [ app_end ] --START--
INFO: Run Behavior\ShowPageTraceBehavior [ RunTime:0.000736s ]
INFO: [ app_end ] --END-- [ RunTime:0.000831s ]

[ 2014-10-09T08:39:31+08:00 ] 127.0.0.1 /Home/User/login
INFO: [ app_init ] --START--
INFO: Run Behavior\BuildLiteBehavior [ RunTime:0.000017s ]
INFO: [ app_init ] --END-- [ RunTime:0.000334s ]
INFO: [ app_begin ] --START--
INFO: Run Behavior\ReadHtmlCacheBehavior [ RunTime:0.000545s ]
INFO: [ app_begin ] --END-- [ RunTime:0.000618s ]
INFO: [ view_parse ] --START--
INFO: [ template_filter ] --START--
INFO: Run Behavior\ContentReplaceBehavior [ RunTime:0.000051s ]
INFO: [ template_filter ] --END-- [ RunTime:0.000119s ]
INFO: Run Behavior\ParseTemplateBehavior [ RunTime:0.024623s ]
INFO: [ view_parse ] --END-- [ RunTime:0.024697s ]
INFO: [ view_filter ] --START--
INFO: Run Behavior\WriteHtmlCacheBehavior [ RunTime:0.000290s ]
INFO: [ view_filter ] --END-- [ RunTime:0.000341s ]
INFO: [ app_end ] --START--
INFO: Run Behavior\ShowPageTraceBehavior [ RunTime:0.000512s ]
INFO: [ app_end ] --END-- [ RunTime:0.000564s ]

[ 2014-10-09T08:39:31+08:00 ] 127.0.0.1 /index.php/Home/User/verify.html
INFO: [ app_init ] --START--
INFO: Run Behavior\BuildLiteBehavior [ RunTime:0.000018s ]
INFO: [ app_init ] --END-- [ RunTime:0.000475s ]
INFO: [ app_begin ] --START--
INFO: Run Behavior\ReadHtmlCacheBehavior [ RunTime:0.000707s ]
INFO: [ app_begin ] --END-- [ RunTime:0.000838s ]
INFO: [ app_end ] --START--
INFO: Run Behavior\ShowPageTraceBehavior [ RunTime:0.003034s ]
INFO: [ app_end ] --END-- [ RunTime:0.003251s ]

[ 2014-10-09T08:46:48+08:00 ] 127.0.0.1 /Home/User/login
INFO: [ app_init ] --START--
INFO: Run Behavior\BuildLiteBehavior [ RunTime:0.000031s ]
INFO: [ app_init ] --END-- [ RunTime:0.000662s ]
INFO: [ app_begin ] --START--
INFO: Run Behavior\ReadHtmlCacheBehavior [ RunTime:0.000911s ]
INFO: [ app_begin ] --END-- [ RunTime:0.001040s ]
INFO: [ view_parse ] --START--
INFO: [ template_filter ] --START--
INFO: Run Behavior\ContentReplaceBehavior [ RunTime:0.000088s ]
INFO: [ template_filter ] --END-- [ RunTime:0.000208s ]
INFO: Run Behavior\ParseTemplateBehavior [ RunTime:0.014737s ]
INFO: [ view_parse ] --END-- [ RunTime:0.014842s ]
INFO: [ view_filter ] --START--
INFO: Run Behavior\WriteHtmlCacheBehavior [ RunTime:0.000321s ]
INFO: [ view_filter ] --END-- [ RunTime:0.000377s ]
INFO: [ app_end ] --START--
INFO: Run Behavior\ShowPageTraceBehavior [ RunTime:0.000532s ]
INFO: [ app_end ] --END-- [ RunTime:0.000588s ]

[ 2014-10-09T08:46:48+08:00 ] 127.0.0.1 /index.php/Home/User/verify.html
INFO: [ app_init ] --START--
INFO: Run Behavior\BuildLiteBehavior [ RunTime:0.000026s ]
INFO: [ app_init ] --END-- [ RunTime:0.000586s ]
INFO: [ app_begin ] --START--
INFO: Run Behavior\ReadHtmlCacheBehavior [ RunTime:0.000861s ]
INFO: [ app_begin ] --END-- [ RunTime:0.000987s ]
INFO: [ app_end ] --START--
INFO: Run Behavior\ShowPageTraceBehavior [ RunTime:0.000715s ]
INFO: [ app_end ] --END-- [ RunTime:0.000812s ]

[ 2014-10-09T08:55:38+08:00 ] 127.0.0.1 /Home/About
INFO: [ app_init ] --START--
INFO: Run Behavior\BuildLiteBehavior [ RunTime:0.000017s ]
INFO: [ app_init ] --END-- [ RunTime:0.000363s ]
INFO: [ app_begin ] --START--
INFO: Run Behavior\ReadHtmlCacheBehavior [ RunTime:0.000515s ]
INFO: [ app_begin ] --END-- [ RunTime:0.000573s ]
INFO: [ view_parse ] --START--
INFO: [ template_filter ] --START--
INFO: Run Behavior\ContentReplaceBehavior [ RunTime:0.000045s ]
INFO: [ template_filter ] --END-- [ RunTime:0.000124s ]
INFO: Run Behavior\ParseTemplateBehavior [ RunTime:0.009710s ]
INFO: [ view_parse ] --END-- [ RunTime:0.009809s ]
INFO: [ view_filter ] --START--
INFO: Run Behavior\WriteHtmlCacheBehavior [ RunTime:0.000760s ]
INFO: [ view_filter ] --END-- [ RunTime:0.000846s ]
INFO: [ app_end ] --START--
INFO: Run Behavior\ShowPageTraceBehavior [ RunTime:0.000650s ]
INFO: [ app_end ] --END-- [ RunTime:0.000718s ]

[ 2014-10-09T08:55:55+08:00 ] 127.0.0.1 /Home/About
INFO: [ app_init ] --START--
INFO: Run Behavior\BuildLiteBehavior [ RunTime:0.000016s ]
INFO: [ app_init ] --END-- [ RunTime:0.000311s ]
INFO: [ app_begin ] --START--
INFO: Run Behavior\ReadHtmlCacheBehavior [ RunTime:0.000410s ]
INFO: [ app_begin ] --END-- [ RunTime:0.000470s ]
INFO: [ view_parse ] --START--
INFO: [ template_filter ] --START--
INFO: Run Behavior\ContentReplaceBehavior [ RunTime:0.000071s ]
INFO: [ template_filter ] --END-- [ RunTime:0.000153s ]
INFO: Run Behavior\ParseTemplateBehavior [ RunTime:0.019278s ]
INFO: [ view_parse ] --END-- [ RunTime:0.019363s ]
INFO: [ view_filter ] --START--
INFO: Run Behavior\WriteHtmlCacheBehavior [ RunTime:0.000528s ]
INFO: [ view_filter ] --END-- [ RunTime:0.000586s ]
INFO: [ app_end ] --START--
INFO: Run Behavior\ShowPageTraceBehavior [ RunTime:0.000454s ]
INFO: [ app_end ] --END-- [ RunTime:0.000519s ]

[ 2014-10-09T08:55:56+08:00 ] 127.0.0.1 /Home/User/login
INFO: [ app_init ] --START--
INFO: Run Behavior\BuildLiteBehavior [ RunTime:0.000020s ]
INFO: [ app_init ] --END-- [ RunTime:0.000492s ]
INFO: [ app_begin ] --START--
INFO: Run Behavior\ReadHtmlCacheBehavior [ RunTime:0.000521s ]
INFO: [ app_begin ] --END-- [ RunTime:0.000610s ]
INFO: [ view_parse ] --START--
INFO: [ template_filter ] --START--
INFO: Run Behavior\ContentReplaceBehavior [ RunTime:0.000079s ]
INFO: [ template_filter ] --END-- [ RunTime:0.000209s ]
INFO: Run Behavior\ParseTemplateBehavior [ RunTime:0.011729s ]
INFO: [ view_parse ] --END-- [ RunTime:0.011842s ]
INFO: [ view_filter ] --START--
INFO: Run Behavior\WriteHtmlCacheBehavior [ RunTime:0.000313s ]
INFO: [ view_filter ] --END-- [ RunTime:0.000398s ]
INFO: [ app_end ] --START--
INFO: Run Behavior\ShowPageTraceBehavior [ RunTime:0.000646s ]
INFO: [ app_end ] --END-- [ RunTime:0.000735s ]

[ 2014-10-09T08:55:56+08:00 ] 127.0.0.1 /index.php/Home/User/verify.html
INFO: [ app_init ] --START--
INFO: Run Behavior\BuildLiteBehavior [ RunTime:0.000026s ]
INFO: [ app_init ] --END-- [ RunTime:0.000491s ]
INFO: [ app_begin ] --START--
INFO: Run Behavior\ReadHtmlCacheBehavior [ RunTime:0.000775s ]
INFO: [ app_begin ] --END-- [ RunTime:0.000892s ]
INFO: [ app_end ] --START--
INFO: Run Behavior\ShowPageTraceBehavior [ RunTime:0.000620s ]
INFO: [ app_end ] --END-- [ RunTime:0.000716s ]

[ 2014-10-09T08:56:00+08:00 ] 127.0.0.1 /Home/User/login
INFO: [ app_init ] --START--
INFO: Run Behavior\BuildLiteBehavior [ RunTime:0.000136s ]
INFO: [ app_init ] --END-- [ RunTime:0.000509s ]
INFO: [ app_begin ] --START--
INFO: Run Behavior\ReadHtmlCacheBehavior [ RunTime:0.000577s ]
INFO: [ app_begin ] --END-- [ RunTime:0.000663s ]
SQL: SHOW COLUMNS FROM `ahgfrx_user` [ RunTime:0.027365s ]
SQL: SELECT * FROM `ahgfrx_user` WHERE `email` = 'sxcuican@163.com' LIMIT 1   [ RunTime:0.000384s ]
INFO: [ view_parse ] --START--
INFO: [ template_filter ] --START--
INFO: Run Behavior\ContentReplaceBehavior [ RunTime:0.000046s ]
INFO: [ template_filter ] --END-- [ RunTime:0.000122s ]
INFO: Run Behavior\ParseTemplateBehavior [ RunTime:0.031144s ]
INFO: [ view_parse ] --END-- [ RunTime:0.031270s ]
INFO: [ view_filter ] --START--
INFO: Run Behavior\WriteHtmlCacheBehavior [ RunTime:0.000294s ]
INFO: [ view_filter ] --END-- [ RunTime:0.000375s ]
INFO: [ app_end ] --START--
INFO: Run Behavior\ShowPageTraceBehavior [ RunTime:0.000750s ]
INFO: [ app_end ] --END-- [ RunTime:0.000861s ]

[ 2014-10-09T08:56:02+08:00 ] 127.0.0.1 /index.php/Home.html
INFO: [ app_init ] --START--
INFO: Run Behavior\BuildLiteBehavior [ RunTime:0.000026s ]
INFO: [ app_init ] --END-- [ RunTime:0.000319s ]
INFO: [ app_begin ] --START--
INFO: Run Behavior\ReadHtmlCacheBehavior [ RunTime:0.000574s ]
INFO: [ app_begin ] --END-- [ RunTime:0.000685s ]
SQL: SHOW COLUMNS FROM `ahgfrx_inform` [ RunTime:0.013330s ]
SQL: SHOW COLUMNS FROM `ahgfrx_project` [ RunTime:0.012176s ]
SQL: SELECT * FROM `ahgfrx_project` WHERE ( uid=1 )  [ RunTime:0.000373s ]
SQL: SHOW COLUMNS FROM `ahgfrx_project_member` [ RunTime:0.007958s ]
SQL: SELECT * FROM `ahgfrx_project_member` WHERE ( uid=1 )  [ RunTime:0.036610s ]
SQL: SELECT * FROM `ahgfrx_project_member` WHERE ( uid=1 AND admin=1 )  [ RunTime:0.000572s ]
SQL: SELECT * FROM `ahgfrx_inform` WHERE ( (class_id = 1) OR (project_id = 1 OR project_id = 2 OR project_id = 3 OR project_id = 6) ) ORDER BY cid desc LIMIT 0,30   [ RunTime:0.016959s ]
SQL: SELECT COUNT(*) AS tp_count FROM `ahgfrx_inform` WHERE ( (class_id = 1) OR (project_id = 1 OR project_id = 2 OR project_id = 3 OR project_id = 6) ) LIMIT 1   [ RunTime:0.013814s ]
SQL: SHOW COLUMNS FROM `ahgfrx_user` [ RunTime:0.027838s ]
SQL: SELECT `admin` FROM `ahgfrx_user` WHERE ( uid=1 ) LIMIT 1   [ RunTime:0.000320s ]
INFO: [ view_parse ] --START--
INFO: [ template_filter ] --START--
INFO: Run Behavior\ContentReplaceBehavior [ RunTime:0.000088s ]
INFO: [ template_filter ] --END-- [ RunTime:0.000165s ]
SQL: SHOW COLUMNS FROM `ahgfrx_inbox_alert` [ RunTime:0.028863s ]
SQL: SELECT `numb` FROM `ahgfrx_inbox_alert` WHERE ( uid=1 ) LIMIT 1   [ RunTime:0.000300s ]
SQL: SELECT `numb` FROM `ahgfrx_inbox_alert` WHERE ( uid=1 ) LIMIT 1   [ RunTime:0.000210s ]
SQL: SELECT `username` FROM `ahgfrx_user` WHERE ( uid=1 ) LIMIT 1   [ RunTime:0.000224s ]
SQL: SELECT `username` FROM `ahgfrx_user` WHERE ( uid=1 ) LIMIT 1   [ RunTime:0.000151s ]
SQL: SELECT `username` FROM `ahgfrx_user` WHERE ( uid=1 ) LIMIT 1   [ RunTime:0.000132s ]
SQL: SELECT `username` FROM `ahgfrx_user` WHERE ( uid=1 ) LIMIT 1   [ RunTime:0.000134s ]
SQL: SELECT `username` FROM `ahgfrx_user` WHERE ( uid=1 ) LIMIT 1   [ RunTime:0.000144s ]
SQL: SELECT `username` FROM `ahgfrx_user` WHERE ( uid=1 ) LIMIT 1   [ RunTime:0.000139s ]
SQL: SELECT `name` FROM `ahgfrx_project` WHERE ( id=1 ) LIMIT 1   [ RunTime:0.000154s ]
SQL: SELECT `username` FROM `ahgfrx_user` WHERE ( uid=1 ) LIMIT 1   [ RunTime:0.000147s ]
SQL: SELECT `username` FROM `ahgfrx_user` WHERE ( uid=1 ) LIMIT 1   [ RunTime:0.000137s ]
SQL: SELECT `username` FROM `ahgfrx_user` WHERE ( uid=1 ) LIMIT 1   [ RunTime:0.000136s ]
SQL: SELECT `username` FROM `ahgfrx_user` WHERE ( uid=1 ) LIMIT 1   [ RunTime:0.000216s ]
SQL: SELECT `name` FROM `ahgfrx_project` WHERE ( id=1 ) LIMIT 1   [ RunTime:0.000157s ]
SQL: SELECT `username` FROM `ahgfrx_user` WHERE ( uid=1 ) LIMIT 1   [ RunTime:0.000173s ]
SQL: SELECT `username` FROM `ahgfrx_user` WHERE ( uid=1 ) LIMIT 1   [ RunTime:0.000200s ]
SQL: SELECT `username` FROM `ahgfrx_user` WHERE ( uid=1 ) LIMIT 1   [ RunTime:0.000238s ]
SQL: SELECT `username` FROM `ahgfrx_user` WHERE ( uid=1 ) LIMIT 1   [ RunTime:0.000208s ]
SQL: SELECT `name` FROM `ahgfrx_project` WHERE ( id=1 ) LIMIT 1   [ RunTime:0.000227s ]
SQL: SELECT `username` FROM `ahgfrx_user` WHERE ( uid=1 ) LIMIT 1   [ RunTime:0.000196s ]
SQL: SELECT `name` FROM `ahgfrx_project` WHERE ( id=1 ) LIMIT 1   [ RunTime:0.000153s ]
SQL: SELECT `username` FROM `ahgfrx_user` WHERE ( uid=1 ) LIMIT 1   [ RunTime:0.000151s ]
SQL: SELECT `name` FROM `ahgfrx_project` WHERE ( id=1 ) LIMIT 1   [ RunTime:0.000143s ]
SQL: SELECT `username` FROM `ahgfrx_user` WHERE ( uid=1 ) LIMIT 1   [ RunTime:0.000141s ]
SQL: SELECT `username` FROM `ahgfrx_user` WHERE ( uid=1 ) LIMIT 1   [ RunTime:0.000140s ]
SQL: SELECT `name` FROM `ahgfrx_project` WHERE ( id=6 ) LIMIT 1   [ RunTime:0.000143s ]
SQL: SELECT `username` FROM `ahgfrx_user` WHERE ( uid=1 ) LIMIT 1   [ RunTime:0.000139s ]
SQL: SELECT `name` FROM `ahgfrx_project` WHERE ( id=2 ) LIMIT 1   [ RunTime:0.000133s ]
SQL: SELECT `username` FROM `ahgfrx_user` WHERE ( uid=1 ) LIMIT 1   [ RunTime:0.000127s ]
SQL: SELECT `name` FROM `ahgfrx_project` WHERE ( id=1 ) LIMIT 1   [ RunTime:0.000173s ]
SQL: SELECT `username` FROM `ahgfrx_user` WHERE ( uid=1 ) LIMIT 1   [ RunTime:0.000184s ]
SQL: SELECT `name` FROM `ahgfrx_project` WHERE ( id=1 ) LIMIT 1   [ RunTime:0.000172s ]
SQL: SELECT `username` FROM `ahgfrx_user` WHERE ( uid=1 ) LIMIT 1   [ RunTime:0.000147s ]
SQL: SELECT `name` FROM `ahgfrx_project` WHERE ( id=1 ) LIMIT 1   [ RunTime:0.000148s ]
SQL: SELECT `username` FROM `ahgfrx_user` WHERE ( uid=1 ) LIMIT 1   [ RunTime:0.000143s ]
SQL: SELECT `username` FROM `ahgfrx_user` WHERE ( uid=1 ) LIMIT 1   [ RunTime:0.000139s ]
SQL: SELECT `username` FROM `ahgfrx_user` WHERE ( uid=1 ) LIMIT 1   [ RunTime:0.000138s ]
SQL: SELECT `username` FROM `ahgfrx_user` WHERE ( uid=1 ) LIMIT 1   [ RunTime:0.000160s ]
SQL: SELECT `name` FROM `ahgfrx_project` WHERE ( id=3 ) LIMIT 1   [ RunTime:0.000165s ]
SQL: SELECT `username` FROM `ahgfrx_user` WHERE ( uid=1 ) LIMIT 1   [ RunTime:0.000147s ]
SQL: SELECT `name` FROM `ahgfrx_project` WHERE ( id=1 ) LIMIT 1   [ RunTime:0.000135s ]
SQL: SELECT `username` FROM `ahgfrx_user` WHERE ( uid=1 ) LIMIT 1   [ RunTime:0.000130s ]
SQL: SELECT `username` FROM `ahgfrx_user` WHERE ( uid=1 ) LIMIT 1   [ RunTime:0.000156s ]
SQL: SELECT `username` FROM `ahgfrx_user` WHERE ( uid=1 ) LIMIT 1   [ RunTime:0.000142s ]
NOTIC: [8] Undefined variable: inform_count D:\php\ahgfrx\1\Application\Runtime\Cache\Home\5f8cd486e46ca9e27770556a0e5e75a8.php 第 120 行.
NOTIC: [8] Undefined variable: inform_count D:\php\ahgfrx\1\Application\Runtime\Cache\Home\5f8cd486e46ca9e27770556a0e5e75a8.php 第 120 行.
SQL: SELECT `name` FROM `ahgfrx_project` WHERE ( id=6 ) LIMIT 1   [ RunTime:0.000168s ]
INFO: Run Behavior\ParseTemplateBehavior [ RunTime:0.091454s ]
INFO: [ view_parse ] --END-- [ RunTime:0.091533s ]
INFO: [ view_filter ] --START--
INFO: Run Behavior\WriteHtmlCacheBehavior [ RunTime:0.000327s ]
INFO: [ view_filter ] --END-- [ RunTime:0.000378s ]
INFO: [ app_end ] --START--
INFO: Run Behavior\ShowPageTraceBehavior [ RunTime:0.000750s ]
INFO: [ app_end ] --END-- [ RunTime:0.000865s ]

[ 2014-10-09T08:56:12+08:00 ] 127.0.0.1 /Home/About
INFO: [ app_init ] --START--
INFO: Run Behavior\BuildLiteBehavior [ RunTime:0.000023s ]
INFO: [ app_init ] --END-- [ RunTime:0.000352s ]
INFO: [ app_begin ] --START--
INFO: Run Behavior\ReadHtmlCacheBehavior [ RunTime:0.000441s ]
INFO: [ app_begin ] --END-- [ RunTime:0.000501s ]
INFO: [ view_parse ] --START--
INFO: [ template_filter ] --START--
INFO: Run Behavior\ContentReplaceBehavior [ RunTime:0.000065s ]
INFO: [ template_filter ] --END-- [ RunTime:0.000166s ]
SQL: SHOW COLUMNS FROM `ahgfrx_inbox_alert` [ RunTime:0.019721s ]
SQL: SELECT `numb` FROM `ahgfrx_inbox_alert` WHERE ( uid=1 ) LIMIT 1   [ RunTime:0.000267s ]
SQL: SELECT `numb` FROM `ahgfrx_inbox_alert` WHERE ( uid=1 ) LIMIT 1   [ RunTime:0.000175s ]
INFO: Run Behavior\ParseTemplateBehavior [ RunTime:0.046666s ]
INFO: [ view_parse ] --END-- [ RunTime:0.046863s ]
INFO: [ view_filter ] --START--
INFO: Run Behavior\WriteHtmlCacheBehavior [ RunTime:0.000321s ]
INFO: [ view_filter ] --END-- [ RunTime:0.000375s ]
INFO: [ app_end ] --START--
INFO: Run Behavior\ShowPageTraceBehavior [ RunTime:0.000528s ]
INFO: [ app_end ] --END-- [ RunTime:0.000587s ]

[ 2014-10-09T08:57:32+08:00 ] 127.0.0.1 /Home/About
INFO: [ app_init ] --START--
INFO: Run Behavior\BuildLiteBehavior [ RunTime:0.000017s ]
INFO: [ app_init ] --END-- [ RunTime:0.000350s ]
INFO: [ app_begin ] --START--
INFO: Run Behavior\ReadHtmlCacheBehavior [ RunTime:0.000634s ]
INFO: [ app_begin ] --END-- [ RunTime:0.000706s ]
INFO: [ view_parse ] --START--
INFO: [ template_filter ] --START--
INFO: Run Behavior\ContentReplaceBehavior [ RunTime:0.000065s ]
INFO: [ template_filter ] --END-- [ RunTime:0.000144s ]
SQL: SHOW COLUMNS FROM `ahgfrx_inbox_alert` [ RunTime:0.011807s ]
SQL: SELECT `numb` FROM `ahgfrx_inbox_alert` WHERE ( uid=1 ) LIMIT 1   [ RunTime:0.000456s ]
SQL: SELECT `numb` FROM `ahgfrx_inbox_alert` WHERE ( uid=1 ) LIMIT 1   [ RunTime:0.000322s ]
INFO: Run Behavior\ParseTemplateBehavior [ RunTime:0.053912s ]
INFO: [ view_parse ] --END-- [ RunTime:0.053982s ]
INFO: [ view_filter ] --START--
INFO: Run Behavior\WriteHtmlCacheBehavior [ RunTime:0.000563s ]
INFO: [ view_filter ] --END-- [ RunTime:0.000693s ]
INFO: [ app_end ] --START--
INFO: Run Behavior\ShowPageTraceBehavior [ RunTime:0.001412s ]
INFO: [ app_end ] --END-- [ RunTime:0.001526s ]

[ 2014-10-09T08:57:55+08:00 ] 127.0.0.1 /Home/About
INFO: [ app_init ] --START--
INFO: Run Behavior\BuildLiteBehavior [ RunTime:0.000018s ]
INFO: [ app_init ] --END-- [ RunTime:0.000344s ]
INFO: [ app_begin ] --START--
INFO: Run Behavior\ReadHtmlCacheBehavior [ RunTime:0.000569s ]
INFO: [ app_begin ] --END-- [ RunTime:0.000632s ]
INFO: [ view_parse ] --START--
INFO: [ template_filter ] --START--
INFO: Run Behavior\ContentReplaceBehavior [ RunTime:0.000088s ]
INFO: [ template_filter ] --END-- [ RunTime:0.000192s ]
SQL: SHOW COLUMNS FROM `ahgfrx_inbox_alert` [ RunTime:0.012276s ]
SQL: SELECT `numb` FROM `ahgfrx_inbox_alert` WHERE ( uid=1 ) LIMIT 1   [ RunTime:0.000308s ]
SQL: SELECT `numb` FROM `ahgfrx_inbox_alert` WHERE ( uid=1 ) LIMIT 1   [ RunTime:0.000213s ]
INFO: Run Behavior\ParseTemplateBehavior [ RunTime:0.037873s ]
INFO: [ view_parse ] --END-- [ RunTime:0.037959s ]
INFO: [ view_filter ] --START--
INFO: Run Behavior\WriteHtmlCacheBehavior [ RunTime:0.000430s ]
INFO: [ view_filter ] --END-- [ RunTime:0.000499s ]
INFO: [ app_end ] --START--
INFO: Run Behavior\ShowPageTraceBehavior [ RunTime:0.000590s ]
INFO: [ app_end ] --END-- [ RunTime:0.000651s ]

[ 2014-10-09T08:59:39+08:00 ] 127.0.0.1 /Home/About
INFO: [ app_init ] --START--
INFO: Run Behavior\BuildLiteBehavior [ RunTime:0.000016s ]
INFO: [ app_init ] --END-- [ RunTime:0.000338s ]
INFO: [ app_begin ] --START--
INFO: Run Behavior\ReadHtmlCacheBehavior [ RunTime:0.000515s ]
INFO: [ app_begin ] --END-- [ RunTime:0.000577s ]
INFO: [ view_parse ] --START--
INFO: [ template_filter ] --START--
INFO: Run Behavior\ContentReplaceBehavior [ RunTime:0.000067s ]
INFO: [ template_filter ] --END-- [ RunTime:0.000152s ]
SQL: SHOW COLUMNS FROM `ahgfrx_inbox_alert` [ RunTime:0.012948s ]
SQL: SELECT `numb` FROM `ahgfrx_inbox_alert` WHERE ( uid=1 ) LIMIT 1   [ RunTime:0.000287s ]
SQL: SELECT `numb` FROM `ahgfrx_inbox_alert` WHERE ( uid=1 ) LIMIT 1   [ RunTime:0.000263s ]
INFO: Run Behavior\ParseTemplateBehavior [ RunTime:0.040995s ]
INFO: [ view_parse ] --END-- [ RunTime:0.041059s ]
INFO: [ view_filter ] --START--
INFO: Run Behavior\WriteHtmlCacheBehavior [ RunTime:0.000384s ]
INFO: [ view_filter ] --END-- [ RunTime:0.000442s ]
INFO: [ app_end ] --START--
INFO: Run Behavior\ShowPageTraceBehavior [ RunTime:0.000553s ]
INFO: [ app_end ] --END-- [ RunTime:0.000616s ]

[ 2014-10-09T09:02:02+08:00 ] 127.0.0.1 /Home/About
INFO: [ app_init ] --START--
INFO: Run Behavior\BuildLiteBehavior [ RunTime:0.000029s ]
INFO: [ app_init ] --END-- [ RunTime:0.000563s ]
INFO: [ app_begin ] --START--
INFO: Run Behavior\ReadHtmlCacheBehavior [ RunTime:0.000781s ]
INFO: [ app_begin ] --END-- [ RunTime:0.000867s ]
INFO: [ view_parse ] --START--
INFO: [ template_filter ] --START--
INFO: Run Behavior\ContentReplaceBehavior [ RunTime:0.000066s ]
INFO: [ template_filter ] --END-- [ RunTime:0.000149s ]
SQL: SHOW COLUMNS FROM `ahgfrx_inbox_alert` [ RunTime:0.011667s ]
SQL: SELECT `numb` FROM `ahgfrx_inbox_alert` WHERE ( uid=1 ) LIMIT 1   [ RunTime:0.000382s ]
SQL: SELECT `numb` FROM `ahgfrx_inbox_alert` WHERE ( uid=1 ) LIMIT 1   [ RunTime:0.000342s ]
INFO: Run Behavior\ParseTemplateBehavior [ RunTime:0.039077s ]
INFO: [ view_parse ] --END-- [ RunTime:0.039158s ]
INFO: [ view_filter ] --START--
INFO: Run Behavior\WriteHtmlCacheBehavior [ RunTime:0.000514s ]
INFO: [ view_filter ] --END-- [ RunTime:0.000611s ]
INFO: [ app_end ] --START--
INFO: Run Behavior\ShowPageTraceBehavior [ RunTime:0.000900s ]
INFO: [ app_end ] --END-- [ RunTime:0.001002s ]

[ 2014-10-09T09:02:27+08:00 ] 127.0.0.1 /Home/About
INFO: [ app_init ] --START--
INFO: Run Behavior\BuildLiteBehavior [ RunTime:0.000024s ]
INFO: [ app_init ] --END-- [ RunTime:0.000507s ]
INFO: [ app_begin ] --START--
INFO: Run Behavior\ReadHtmlCacheBehavior [ RunTime:0.000734s ]
INFO: [ app_begin ] --END-- [ RunTime:0.000824s ]
INFO: [ view_parse ] --START--
INFO: [ template_filter ] --START--
INFO: Run Behavior\ContentReplaceBehavior [ RunTime:0.000064s ]
INFO: [ template_filter ] --END-- [ RunTime:0.000140s ]
SQL: SHOW COLUMNS FROM `ahgfrx_inbox_alert` [ RunTime:0.010581s ]
SQL: SELECT `numb` FROM `ahgfrx_inbox_alert` WHERE ( uid=1 ) LIMIT 1   [ RunTime:0.000334s ]
SQL: SELECT `numb` FROM `ahgfrx_inbox_alert` WHERE ( uid=1 ) LIMIT 1   [ RunTime:0.000329s ]
INFO: Run Behavior\ParseTemplateBehavior [ RunTime:0.038594s ]
INFO: [ view_parse ] --END-- [ RunTime:0.038711s ]
INFO: [ view_filter ] --START--
INFO: Run Behavior\WriteHtmlCacheBehavior [ RunTime:0.000493s ]
INFO: [ view_filter ] --END-- [ RunTime:0.000587s ]
INFO: [ app_end ] --START--
INFO: Run Behavior\ShowPageTraceBehavior [ RunTime:0.000706s ]
INFO: [ app_end ] --END-- [ RunTime:0.000783s ]

[ 2014-10-09T09:11:40+08:00 ] 127.0.0.1 /Home/About
INFO: [ app_init ] --START--
INFO: Run Behavior\BuildLiteBehavior [ RunTime:0.000024s ]
INFO: [ app_init ] --END-- [ RunTime:0.000534s ]
INFO: [ app_begin ] --START--
INFO: Run Behavior\ReadHtmlCacheBehavior [ RunTime:0.001071s ]
INFO: [ app_begin ] --END-- [ RunTime:0.001212s ]
INFO: [ view_parse ] --START--
INFO: [ template_filter ] --START--
INFO: Run Behavior\ContentReplaceBehavior [ RunTime:0.000091s ]
INFO: [ template_filter ] --END-- [ RunTime:0.000230s ]
SQL: SHOW COLUMNS FROM `ahgfrx_inbox_alert` [ RunTime:0.011510s ]
SQL: SELECT `numb` FROM `ahgfrx_inbox_alert` WHERE ( uid=1 ) LIMIT 1   [ RunTime:0.000347s ]
SQL: SELECT `numb` FROM `ahgfrx_inbox_alert` WHERE ( uid=1 ) LIMIT 1   [ RunTime:0.000321s ]
INFO: Run Behavior\ParseTemplateBehavior [ RunTime:0.047219s ]
INFO: [ view_parse ] --END-- [ RunTime:0.047313s ]
INFO: [ view_filter ] --START--
INFO: Run Behavior\WriteHtmlCacheBehavior [ RunTime:0.000458s ]
INFO: [ view_filter ] --END-- [ RunTime:0.000529s ]
INFO: [ app_end ] --START--
INFO: Run Behavior\ShowPageTraceBehavior [ RunTime:0.000548s ]
INFO: [ app_end ] --END-- [ RunTime:0.000601s ]

[ 2014-10-09T09:11:59+08:00 ] 127.0.0.1 /Home/About
INFO: [ app_init ] --START--
INFO: Run Behavior\BuildLiteBehavior [ RunTime:0.000023s ]
INFO: [ app_init ] --END-- [ RunTime:0.000521s ]
INFO: [ app_begin ] --START--
INFO: Run Behavior\ReadHtmlCacheBehavior [ RunTime:0.000649s ]
INFO: [ app_begin ] --END-- [ RunTime:0.000757s ]
INFO: [ view_parse ] --START--
INFO: [ template_filter ] --START--
INFO: Run Behavior\ContentReplaceBehavior [ RunTime:0.000080s ]
INFO: [ template_filter ] --END-- [ RunTime:0.000203s ]
SQL: SHOW COLUMNS FROM `ahgfrx_inbox_alert` [ RunTime:0.009242s ]
SQL: SELECT `numb` FROM `ahgfrx_inbox_alert` WHERE ( uid=1 ) LIMIT 1   [ RunTime:0.000295s ]
SQL: SELECT `numb` FROM `ahgfrx_inbox_alert` WHERE ( uid=1 ) LIMIT 1   [ RunTime:0.000256s ]
INFO: Run Behavior\ParseTemplateBehavior [ RunTime:0.035917s ]
INFO: [ view_parse ] --END-- [ RunTime:0.036023s ]
INFO: [ view_filter ] --START--
INFO: Run Behavior\WriteHtmlCacheBehavior [ RunTime:0.000454s ]
INFO: [ view_filter ] --END-- [ RunTime:0.000526s ]
INFO: [ app_end ] --START--
INFO: Run Behavior\ShowPageTraceBehavior [ RunTime:0.000561s ]
INFO: [ app_end ] --END-- [ RunTime:0.000630s ]

[ 2014-10-09T09:13:43+08:00 ] 127.0.0.1 /Home/About
INFO: [ app_init ] --START--
INFO: Run Behavior\BuildLiteBehavior [ RunTime:0.000017s ]
INFO: [ app_init ] --END-- [ RunTime:0.000362s ]
INFO: [ app_begin ] --START--
INFO: Run Behavior\ReadHtmlCacheBehavior [ RunTime:0.000499s ]
INFO: [ app_begin ] --END-- [ RunTime:0.000561s ]
INFO: [ view_parse ] --START--
INFO: [ template_filter ] --START--
INFO: Run Behavior\ContentReplaceBehavior [ RunTime:0.000059s ]
INFO: [ template_filter ] --END-- [ RunTime:0.000127s ]
SQL: SHOW COLUMNS FROM `ahgfrx_inbox_alert` [ RunTime:0.009796s ]
SQL: SELECT `numb` FROM `ahgfrx_inbox_alert` WHERE ( uid=1 ) LIMIT 1   [ RunTime:0.000284s ]
SQL: SELECT `numb` FROM `ahgfrx_inbox_alert` WHERE ( uid=1 ) LIMIT 1   [ RunTime:0.000275s ]
INFO: Run Behavior\ParseTemplateBehavior [ RunTime:0.034859s ]
INFO: [ view_parse ] --END-- [ RunTime:0.034917s ]
INFO: [ view_filter ] --START--
INFO: Run Behavior\WriteHtmlCacheBehavior [ RunTime:0.000451s ]
INFO: [ view_filter ] --END-- [ RunTime:0.000512s ]
INFO: [ app_end ] --START--
INFO: Run Behavior\ShowPageTraceBehavior [ RunTime:0.000555s ]
INFO: [ app_end ] --END-- [ RunTime:0.000612s ]

[ 2014-10-09T09:13:43+08:00 ] 127.0.0.1 /index.php/Home/About.html
INFO: [ app_init ] --START--
INFO: Run Behavior\BuildLiteBehavior [ RunTime:0.000019s ]
INFO: [ app_init ] --END-- [ RunTime:0.000414s ]
INFO: [ app_begin ] --START--
INFO: Run Behavior\ReadHtmlCacheBehavior [ RunTime:0.000618s ]
INFO: [ app_begin ] --END-- [ RunTime:0.000706s ]
INFO: [ view_parse ] --START--
INFO: [ template_filter ] --START--
INFO: Run Behavior\ContentReplaceBehavior [ RunTime:0.000066s ]
INFO: [ template_filter ] --END-- [ RunTime:0.000155s ]
SQL: SHOW COLUMNS FROM `ahgfrx_inbox_alert` [ RunTime:0.009117s ]
SQL: SELECT `numb` FROM `ahgfrx_inbox_alert` WHERE ( uid=1 ) LIMIT 1   [ RunTime:0.000281s ]
SQL: SELECT `numb` FROM `ahgfrx_inbox_alert` WHERE ( uid=1 ) LIMIT 1   [ RunTime:0.000287s ]
INFO: Run Behavior\ParseTemplateBehavior [ RunTime:0.034137s ]
INFO: [ view_parse ] --END-- [ RunTime:0.034235s ]
INFO: [ view_filter ] --START--
INFO: Run Behavior\WriteHtmlCacheBehavior [ RunTime:0.000470s ]
INFO: [ view_filter ] --END-- [ RunTime:0.000561s ]
INFO: [ app_end ] --START--
INFO: Run Behavior\ShowPageTraceBehavior [ RunTime:0.000819s ]
INFO: [ app_end ] --END-- [ RunTime:0.000910s ]

[ 2014-10-09T09:13:45+08:00 ] 127.0.0.1 /index.php/Home/Member.html
INFO: [ app_init ] --START--
INFO: Run Behavior\BuildLiteBehavior [ RunTime:0.000024s ]
INFO: [ app_init ] --END-- [ RunTime:0.000485s ]
INFO: [ app_begin ] --START--
INFO: Run Behavior\ReadHtmlCacheBehavior [ RunTime:0.000508s ]
INFO: [ app_begin ] --END-- [ RunTime:0.000579s ]
SQL: SHOW COLUMNS FROM `ahgfrx_user` [ RunTime:0.029208s ]
SQL: SELECT * FROM `ahgfrx_user` ORDER BY admin desc  [ RunTime:0.000424s ]
INFO: [ view_parse ] --START--
INFO: [ template_filter ] --START--
INFO: Run Behavior\ContentReplaceBehavior [ RunTime:0.000062s ]
INFO: [ template_filter ] --END-- [ RunTime:0.000133s ]
SQL: SHOW COLUMNS FROM `ahgfrx_inbox_alert` [ RunTime:0.010778s ]
SQL: SELECT `numb` FROM `ahgfrx_inbox_alert` WHERE ( uid=1 ) LIMIT 1   [ RunTime:0.000252s ]
SQL: SELECT `numb` FROM `ahgfrx_inbox_alert` WHERE ( uid=1 ) LIMIT 1   [ RunTime:0.000181s ]
INFO: Run Behavior\ParseTemplateBehavior [ RunTime:0.072107s ]
INFO: [ view_parse ] --END-- [ RunTime:0.072168s ]
INFO: [ view_filter ] --START--
INFO: Run Behavior\WriteHtmlCacheBehavior [ RunTime:0.000306s ]
INFO: [ view_filter ] --END-- [ RunTime:0.000359s ]
INFO: [ app_end ] --START--
INFO: Run Behavior\ShowPageTraceBehavior [ RunTime:0.000468s ]
INFO: [ app_end ] --END-- [ RunTime:0.000525s ]

[ 2014-10-09T09:13:45+08:00 ] 127.0.0.1 /index.php/Home/About.html
INFO: [ app_init ] --START--
INFO: Run Behavior\BuildLiteBehavior [ RunTime:0.000019s ]
INFO: [ app_init ] --END-- [ RunTime:0.000381s ]
INFO: [ app_begin ] --START--
INFO: Run Behavior\ReadHtmlCacheBehavior [ RunTime:0.000497s ]
INFO: [ app_begin ] --END-- [ RunTime:0.000567s ]
INFO: [ view_parse ] --START--
INFO: [ template_filter ] --START--
INFO: Run Behavior\ContentReplaceBehavior [ RunTime:0.000072s ]
INFO: [ template_filter ] --END-- [ RunTime:0.000151s ]
SQL: SHOW COLUMNS FROM `ahgfrx_inbox_alert` [ RunTime:0.008413s ]
SQL: SELECT `numb` FROM `ahgfrx_inbox_alert` WHERE ( uid=1 ) LIMIT 1   [ RunTime:0.000284s ]
SQL: SELECT `numb` FROM `ahgfrx_inbox_alert` WHERE ( uid=1 ) LIMIT 1   [ RunTime:0.000236s ]
INFO: Run Behavior\ParseTemplateBehavior [ RunTime:0.034799s ]
INFO: [ view_parse ] --END-- [ RunTime:0.034886s ]
INFO: [ view_filter ] --START--
INFO: Run Behavior\WriteHtmlCacheBehavior [ RunTime:0.000379s ]
INFO: [ view_filter ] --END-- [ RunTime:0.000473s ]
INFO: [ app_end ] --START--
INFO: Run Behavior\ShowPageTraceBehavior [ RunTime:0.000715s ]
INFO: [ app_end ] --END-- [ RunTime:0.000806s ]

[ 2014-10-09T09:14:34+08:00 ] 127.0.0.1 /index.php/Home/About.html
INFO: [ app_init ] --START--
INFO: Run Behavior\BuildLiteBehavior [ RunTime:0.000021s ]
INFO: [ app_init ] --END-- [ RunTime:0.000523s ]
INFO: [ app_begin ] --START--
INFO: Run Behavior\ReadHtmlCacheBehavior [ RunTime:0.000687s ]
INFO: [ app_begin ] --END-- [ RunTime:0.000769s ]
INFO: [ view_parse ] --START--
INFO: [ template_filter ] --START--
INFO: Run Behavior\ContentReplaceBehavior [ RunTime:0.000083s ]
INFO: [ template_filter ] --END-- [ RunTime:0.000171s ]
SQL: SHOW COLUMNS FROM `ahgfrx_inbox_alert` [ RunTime:0.013645s ]
SQL: SELECT `numb` FROM `ahgfrx_inbox_alert` WHERE ( uid=1 ) LIMIT 1   [ RunTime:0.000297s ]
SQL: SELECT `numb` FROM `ahgfrx_inbox_alert` WHERE ( uid=1 ) LIMIT 1   [ RunTime:0.000206s ]
INFO: Run Behavior\ParseTemplateBehavior [ RunTime:0.042150s ]
INFO: [ view_parse ] --END-- [ RunTime:0.042214s ]
INFO: [ view_filter ] --START--
INFO: Run Behavior\WriteHtmlCacheBehavior [ RunTime:0.000375s ]
INFO: [ view_filter ] --END-- [ RunTime:0.000450s ]
INFO: [ app_end ] --START--
INFO: Run Behavior\ShowPageTraceBehavior [ RunTime:0.000534s ]
INFO: [ app_end ] --END-- [ RunTime:0.000587s ]

[ 2014-10-09T09:14:35+08:00 ] 127.0.0.1 /index.php/Home/Member.html
INFO: [ app_init ] --START--
INFO: Run Behavior\BuildLiteBehavior [ RunTime:0.000019s ]
INFO: [ app_init ] --END-- [ RunTime:0.000353s ]
INFO: [ app_begin ] --START--
INFO: Run Behavior\ReadHtmlCacheBehavior [ RunTime:0.000464s ]
INFO: [ app_begin ] --END-- [ RunTime:0.000533s ]
SQL: SHOW COLUMNS FROM `ahgfrx_user` [ RunTime:0.027334s ]
SQL: SELECT * FROM `ahgfrx_user` ORDER BY admin desc  [ RunTime:0.000445s ]
INFO: [ view_parse ] --START--
INFO: [ template_filter ] --START--
INFO: Run Behavior\ContentReplaceBehavior [ RunTime:0.000063s ]
INFO: [ template_filter ] --END-- [ RunTime:0.000134s ]
SQL: SHOW COLUMNS FROM `ahgfrx_inbox_alert` [ RunTime:0.007757s ]
SQL: SELECT `numb` FROM `ahgfrx_inbox_alert` WHERE ( uid=1 ) LIMIT 1   [ RunTime:0.000243s ]
SQL: SELECT `numb` FROM `ahgfrx_inbox_alert` WHERE ( uid=1 ) LIMIT 1   [ RunTime:0.000174s ]
INFO: Run Behavior\ParseTemplateBehavior [ RunTime:0.019316s ]
INFO: [ view_parse ] --END-- [ RunTime:0.019377s ]
INFO: [ view_filter ] --START--
INFO: Run Behavior\WriteHtmlCacheBehavior [ RunTime:0.000451s ]
INFO: [ view_filter ] --END-- [ RunTime:0.000504s ]
INFO: [ app_end ] --START--
INFO: Run Behavior\ShowPageTraceBehavior [ RunTime:0.000446s ]
INFO: [ app_end ] --END-- [ RunTime:0.000519s ]

[ 2014-10-09T09:14:37+08:00 ] 127.0.0.1 /index.php/Home/Project.html
INFO: [ app_init ] --START--
INFO: Run Behavior\BuildLiteBehavior [ RunTime:0.000018s ]
INFO: [ app_init ] --END-- [ RunTime:0.000400s ]
INFO: [ app_begin ] --START--
INFO: Run Behavior\ReadHtmlCacheBehavior [ RunTime:0.000529s ]
INFO: [ app_begin ] --END-- [ RunTime:0.000604s ]
SQL: SHOW COLUMNS FROM `ahgfrx_project` [ RunTime:0.013932s ]
SQL: SELECT * FROM `ahgfrx_project` WHERE ( uid=1 )  [ RunTime:0.000386s ]
SQL: SHOW COLUMNS FROM `ahgfrx_project_member` [ RunTime:0.007614s ]
SQL: SELECT * FROM `ahgfrx_project_member` WHERE ( uid=1 ) ORDER BY admin desc  [ RunTime:0.000351s ]
INFO: [ view_parse ] --START--
INFO: [ template_filter ] --START--
INFO: Run Behavior\ContentReplaceBehavior [ RunTime:0.000127s ]
INFO: [ template_filter ] --END-- [ RunTime:0.000245s ]
SQL: SHOW COLUMNS FROM `ahgfrx_inbox_alert` [ RunTime:0.010019s ]
SQL: SELECT `numb` FROM `ahgfrx_inbox_alert` WHERE ( uid=1 ) LIMIT 1   [ RunTime:0.000267s ]
SQL: SELECT `numb` FROM `ahgfrx_inbox_alert` WHERE ( uid=1 ) LIMIT 1   [ RunTime:0.000198s ]
SQL: SELECT `name` FROM `ahgfrx_project` WHERE ( id=6 ) LIMIT 1   [ RunTime:0.000197s ]
INFO: Run Behavior\ParseTemplateBehavior [ RunTime:0.044034s ]
INFO: [ view_parse ] --END-- [ RunTime:0.044100s ]
INFO: [ view_filter ] --START--
INFO: Run Behavior\WriteHtmlCacheBehavior [ RunTime:0.000304s ]
INFO: [ view_filter ] --END-- [ RunTime:0.000355s ]
INFO: [ app_end ] --START--
INFO: Run Behavior\ShowPageTraceBehavior [ RunTime:0.000494s ]
INFO: [ app_end ] --END-- [ RunTime:0.000557s ]

[ 2014-10-09T09:14:37+08:00 ] 127.0.0.1 /index.php/Home/About.html
INFO: [ app_init ] --START--
INFO: Run Behavior\BuildLiteBehavior [ RunTime:0.000018s ]
INFO: [ app_init ] --END-- [ RunTime:0.000353s ]
INFO: [ app_begin ] --START--
INFO: Run Behavior\ReadHtmlCacheBehavior [ RunTime:0.000529s ]
INFO: [ app_begin ] --END-- [ RunTime:0.000599s ]
INFO: [ view_parse ] --START--
INFO: [ template_filter ] --START--
INFO: Run Behavior\ContentReplaceBehavior [ RunTime:0.000086s ]
INFO: [ template_filter ] --END-- [ RunTime:0.000177s ]
SQL: SHOW COLUMNS FROM `ahgfrx_inbox_alert` [ RunTime:0.007227s ]
SQL: SELECT `numb` FROM `ahgfrx_inbox_alert` WHERE ( uid=1 ) LIMIT 1   [ RunTime:0.000307s ]
SQL: SELECT `numb` FROM `ahgfrx_inbox_alert` WHERE ( uid=1 ) LIMIT 1   [ RunTime:0.000222s ]
INFO: Run Behavior\ParseTemplateBehavior [ RunTime:0.032071s ]
INFO: [ view_parse ] --END-- [ RunTime:0.032153s ]
INFO: [ view_filter ] --START--
INFO: Run Behavior\WriteHtmlCacheBehavior [ RunTime:0.000315s ]
INFO: [ view_filter ] --END-- [ RunTime:0.000373s ]
INFO: [ app_end ] --START--
INFO: Run Behavior\ShowPageTraceBehavior [ RunTime:0.000487s ]
INFO: [ app_end ] --END-- [ RunTime:0.000543s ]

[ 2014-10-09T09:15:32+08:00 ] 127.0.0.1 /index.php/Home/About.html
INFO: [ app_init ] --START--
INFO: Run Behavior\BuildLiteBehavior [ RunTime:0.000018s ]
INFO: [ app_init ] --END-- [ RunTime:0.000365s ]
INFO: [ app_begin ] --START--
INFO: Run Behavior\ReadHtmlCacheBehavior [ RunTime:0.000471s ]
INFO: [ app_begin ] --END-- [ RunTime:0.000540s ]
INFO: [ view_parse ] --START--
INFO: [ template_filter ] --START--
INFO: Run Behavior\ContentReplaceBehavior [ RunTime:0.000075s ]
INFO: [ template_filter ] --END-- [ RunTime:0.000163s ]
SQL: SHOW COLUMNS FROM `ahgfrx_inbox_alert` [ RunTime:0.011916s ]
SQL: SELECT `numb` FROM `ahgfrx_inbox_alert` WHERE ( uid=1 ) LIMIT 1   [ RunTime:0.000317s ]
SQL: SELECT `numb` FROM `ahgfrx_inbox_alert` WHERE ( uid=1 ) LIMIT 1   [ RunTime:0.000224s ]
INFO: Run Behavior\ParseTemplateBehavior [ RunTime:0.041849s ]
INFO: [ view_parse ] --END-- [ RunTime:0.041929s ]
INFO: [ view_filter ] --START--
INFO: Run Behavior\WriteHtmlCacheBehavior [ RunTime:0.000367s ]
INFO: [ view_filter ] --END-- [ RunTime:0.000429s ]
INFO: [ app_end ] --START--
INFO: Run Behavior\ShowPageTraceBehavior [ RunTime:0.000583s ]
INFO: [ app_end ] --END-- [ RunTime:0.000649s ]

[ 2014-10-09T11:52:17+08:00 ] 127.0.0.1 /
INFO: [ app_init ] --START--
INFO: Run Behavior\BuildLiteBehavior [ RunTime:0.000017s ]
INFO: [ app_init ] --END-- [ RunTime:0.020580s ]
INFO: [ app_begin ] --START--
INFO: Run Behavior\ReadHtmlCacheBehavior [ RunTime:0.014894s ]
INFO: [ app_begin ] --END-- [ RunTime:0.015097s ]
SQL: SHOW COLUMNS FROM `ahgfrx_inform` [ RunTime:0.051010s ]
SQL: SHOW COLUMNS FROM `ahgfrx_project` [ RunTime:0.016620s ]
SQL: SELECT * FROM `ahgfrx_project` WHERE ( uid=1 )  [ RunTime:0.001002s ]
SQL: SHOW COLUMNS FROM `ahgfrx_project_member` [ RunTime:0.010665s ]
SQL: SELECT * FROM `ahgfrx_project_member` WHERE ( uid=1 )  [ RunTime:0.000648s ]
SQL: SELECT * FROM `ahgfrx_project_member` WHERE ( uid=1 AND admin=1 )  [ RunTime:0.000262s ]
SQL: SELECT * FROM `ahgfrx_inform` WHERE ( (class_id = 1) OR (project_id = 1 OR project_id = 2 OR project_id = 3 OR project_id = 6) ) ORDER BY cid desc LIMIT 0,30   [ RunTime:0.008240s ]
SQL: SELECT COUNT(*) AS tp_count FROM `ahgfrx_inform` WHERE ( (class_id = 1) OR (project_id = 1 OR project_id = 2 OR project_id = 3 OR project_id = 6) ) LIMIT 1   [ RunTime:0.013948s ]
SQL: SHOW COLUMNS FROM `ahgfrx_user` [ RunTime:0.031361s ]
SQL: SELECT `admin` FROM `ahgfrx_user` WHERE ( uid=1 ) LIMIT 1   [ RunTime:0.000221s ]
INFO: [ view_parse ] --START--
INFO: [ template_filter ] --START--
INFO: Run Behavior\ContentReplaceBehavior [ RunTime:0.000075s ]
INFO: [ template_filter ] --END-- [ RunTime:0.000181s ]
SQL: SHOW COLUMNS FROM `ahgfrx_inbox_alert` [ RunTime:0.007784s ]
SQL: SELECT `numb` FROM `ahgfrx_inbox_alert` WHERE ( uid=1 ) LIMIT 1   [ RunTime:0.000284s ]
SQL: SELECT `numb` FROM `ahgfrx_inbox_alert` WHERE ( uid=1 ) LIMIT 1   [ RunTime:0.000169s ]
SQL: SELECT `username` FROM `ahgfrx_user` WHERE ( uid=1 ) LIMIT 1   [ RunTime:0.000203s ]
SQL: SELECT `username` FROM `ahgfrx_user` WHERE ( uid=1 ) LIMIT 1   [ RunTime:0.000201s ]
SQL: SELECT `username` FROM `ahgfrx_user` WHERE ( uid=1 ) LIMIT 1   [ RunTime:0.000195s ]
SQL: SELECT `username` FROM `ahgfrx_user` WHERE ( uid=1 ) LIMIT 1   [ RunTime:0.000198s ]
SQL: SELECT `username` FROM `ahgfrx_user` WHERE ( uid=1 ) LIMIT 1   [ RunTime:0.000170s ]
SQL: SELECT `username` FROM `ahgfrx_user` WHERE ( uid=1 ) LIMIT 1   [ RunTime:0.000167s ]
SQL: SELECT `name` FROM `ahgfrx_project` WHERE ( id=1 ) LIMIT 1   [ RunTime:0.000174s ]
SQL: SELECT `username` FROM `ahgfrx_user` WHERE ( uid=1 ) LIMIT 1   [ RunTime:0.000154s ]
SQL: SELECT `username` FROM `ahgfrx_user` WHERE ( uid=1 ) LIMIT 1   [ RunTime:0.000140s ]
SQL: SELECT `username` FROM `ahgfrx_user` WHERE ( uid=1 ) LIMIT 1   [ RunTime:0.000144s ]
SQL: SELECT `username` FROM `ahgfrx_user` WHERE ( uid=1 ) LIMIT 1   [ RunTime:0.000140s ]
SQL: SELECT `name` FROM `ahgfrx_project` WHERE ( id=1 ) LIMIT 1   [ RunTime:0.000141s ]
SQL: SELECT `username` FROM `ahgfrx_user` WHERE ( uid=1 ) LIMIT 1   [ RunTime:0.000139s ]
SQL: SELECT `username` FROM `ahgfrx_user` WHERE ( uid=1 ) LIMIT 1   [ RunTime:0.000152s ]
SQL: SELECT `username` FROM `ahgfrx_user` WHERE ( uid=1 ) LIMIT 1   [ RunTime:0.000156s ]
SQL: SELECT `username` FROM `ahgfrx_user` WHERE ( uid=1 ) LIMIT 1   [ RunTime:0.000167s ]
SQL: SELECT `name` FROM `ahgfrx_project` WHERE ( id=1 ) LIMIT 1   [ RunTime:0.000157s ]
SQL: SELECT `username` FROM `ahgfrx_user` WHERE ( uid=1 ) LIMIT 1   [ RunTime:0.000181s ]
SQL: SELECT `name` FROM `ahgfrx_project` WHERE ( id=1 ) LIMIT 1   [ RunTime:0.000181s ]
SQL: SELECT `username` FROM `ahgfrx_user` WHERE ( uid=1 ) LIMIT 1   [ RunTime:0.000155s ]
SQL: SELECT `name` FROM `ahgfrx_project` WHERE ( id=1 ) LIMIT 1   [ RunTime:0.000152s ]
SQL: SELECT `username` FROM `ahgfrx_user` WHERE ( uid=1 ) LIMIT 1   [ RunTime:0.000167s ]
SQL: SELECT `username` FROM `ahgfrx_user` WHERE ( uid=1 ) LIMIT 1   [ RunTime:0.000164s ]
SQL: SELECT `name` FROM `ahgfrx_project` WHERE ( id=6 ) LIMIT 1   [ RunTime:0.000160s ]
SQL: SELECT `username` FROM `ahgfrx_user` WHERE ( uid=1 ) LIMIT 1   [ RunTime:0.000146s ]
SQL: SELECT `name` FROM `ahgfrx_project` WHERE ( id=2 ) LIMIT 1   [ RunTime:0.000138s ]
SQL: SELECT `username` FROM `ahgfrx_user` WHERE ( uid=1 ) LIMIT 1   [ RunTime:0.000140s ]
SQL: SELECT `name` FROM `ahgfrx_project` WHERE ( id=1 ) LIMIT 1   [ RunTime:0.000162s ]
SQL: SELECT `username` FROM `ahgfrx_user` WHERE ( uid=1 ) LIMIT 1   [ RunTime:0.000165s ]
SQL: SELECT `name` FROM `ahgfrx_project` WHERE ( id=1 ) LIMIT 1   [ RunTime:0.000148s ]
SQL: SELECT `username` FROM `ahgfrx_user` WHERE ( uid=1 ) LIMIT 1   [ RunTime:0.000152s ]
SQL: SELECT `name` FROM `ahgfrx_project` WHERE ( id=1 ) LIMIT 1   [ RunTime:0.000149s ]
SQL: SELECT `username` FROM `ahgfrx_user` WHERE ( uid=1 ) LIMIT 1   [ RunTime:0.000140s ]
SQL: SELECT `username` FROM `ahgfrx_user` WHERE ( uid=1 ) LIMIT 1   [ RunTime:0.000140s ]
SQL: SELECT `username` FROM `ahgfrx_user` WHERE ( uid=1 ) LIMIT 1   [ RunTime:0.000141s ]
SQL: SELECT `username` FROM `ahgfrx_user` WHERE ( uid=1 ) LIMIT 1   [ RunTime:0.000138s ]
SQL: SELECT `name` FROM `ahgfrx_project` WHERE ( id=3 ) LIMIT 1   [ RunTime:0.000140s ]
SQL: SELECT `username` FROM `ahgfrx_user` WHERE ( uid=1 ) LIMIT 1   [ RunTime:0.000127s ]
SQL: SELECT `name` FROM `ahgfrx_project` WHERE ( id=1 ) LIMIT 1   [ RunTime:0.000140s ]
SQL: SELECT `username` FROM `ahgfrx_user` WHERE ( uid=1 ) LIMIT 1   [ RunTime:0.000138s ]
SQL: SELECT `username` FROM `ahgfrx_user` WHERE ( uid=1 ) LIMIT 1   [ RunTime:0.000144s ]
SQL: SELECT `username` FROM `ahgfrx_user` WHERE ( uid=1 ) LIMIT 1   [ RunTime:0.000138s ]
NOTIC: [8] Undefined variable: inform_count D:\php\ahgfrx\1\Application\Runtime\Cache\Home\5f8cd486e46ca9e27770556a0e5e75a8.php 第 121 行.
NOTIC: [8] Undefined variable: inform_count D:\php\ahgfrx\1\Application\Runtime\Cache\Home\5f8cd486e46ca9e27770556a0e5e75a8.php 第 121 行.
SQL: SELECT `name` FROM `ahgfrx_project` WHERE ( id=6 ) LIMIT 1   [ RunTime:0.000135s ]
INFO: Run Behavior\ParseTemplateBehavior [ RunTime:0.093696s ]
INFO: [ view_parse ] --END-- [ RunTime:0.093766s ]
INFO: [ view_filter ] --START--
INFO: Run Behavior\WriteHtmlCacheBehavior [ RunTime:0.001246s ]
INFO: [ view_filter ] --END-- [ RunTime:0.001338s ]
INFO: [ app_end ] --START--
INFO: Run Behavior\ShowPageTraceBehavior [ RunTime:0.013801s ]
INFO: [ app_end ] --END-- [ RunTime:0.013971s ]

[ 2014-10-09T11:56:58+08:00 ] 127.0.0.1 /
INFO: [ app_init ] --START--
INFO: Run Behavior\BuildLiteBehavior [ RunTime:0.000017s ]
INFO: [ app_init ] --END-- [ RunTime:0.000397s ]
INFO: [ app_begin ] --START--
INFO: Run Behavior\ReadHtmlCacheBehavior [ RunTime:0.000623s ]
INFO: [ app_begin ] --END-- [ RunTime:0.000700s ]
SQL: SHOW COLUMNS FROM `ahgfrx_inform` [ RunTime:0.012753s ]
SQL: SHOW COLUMNS FROM `ahgfrx_project` [ RunTime:0.010133s ]
SQL: SELECT * FROM `ahgfrx_project` WHERE ( uid=1 )  [ RunTime:0.000322s ]
SQL: SHOW COLUMNS FROM `ahgfrx_project_member` [ RunTime:0.006951s ]
SQL: SELECT * FROM `ahgfrx_project_member` WHERE ( uid=1 )  [ RunTime:0.000241s ]
SQL: SELECT * FROM `ahgfrx_project_member` WHERE ( uid=1 AND admin=1 )  [ RunTime:0.000141s ]
SQL: SELECT * FROM `ahgfrx_inform` WHERE ( (class_id = 1) OR (project_id = 1 OR project_id = 2 OR project_id = 3 OR project_id = 6) ) ORDER BY cid desc LIMIT 0,30   [ RunTime:0.000288s ]
SQL: SELECT COUNT(*) AS tp_count FROM `ahgfrx_inform` WHERE ( (class_id = 1) OR (project_id = 1 OR project_id = 2 OR project_id = 3 OR project_id = 6) ) LIMIT 1   [ RunTime:0.000147s ]
SQL: SHOW COLUMNS FROM `ahgfrx_user` [ RunTime:0.033460s ]
SQL: SELECT `admin` FROM `ahgfrx_user` WHERE ( uid=1 ) LIMIT 1   [ RunTime:0.000266s ]
INFO: [ view_parse ] --START--
INFO: [ template_filter ] --START--
INFO: Run Behavior\ContentReplaceBehavior [ RunTime:0.000079s ]
INFO: [ template_filter ] --END-- [ RunTime:0.000200s ]
SQL: SHOW COLUMNS FROM `ahgfrx_inbox_alert` [ RunTime:0.009454s ]
SQL: SELECT `numb` FROM `ahgfrx_inbox_alert` WHERE ( uid=1 ) LIMIT 1   [ RunTime:0.000288s ]
SQL: SELECT `numb` FROM `ahgfrx_inbox_alert` WHERE ( uid=1 ) LIMIT 1   [ RunTime:0.000184s ]
SQL: SELECT `username` FROM `ahgfrx_user` WHERE ( uid=1 ) LIMIT 1   [ RunTime:0.000118s ]
SQL: SELECT `username` FROM `ahgfrx_user` WHERE ( uid=1 ) LIMIT 1   [ RunTime:0.000150s ]
SQL: SELECT `username` FROM `ahgfrx_user` WHERE ( uid=1 ) LIMIT 1   [ RunTime:0.000133s ]
SQL: SELECT `username` FROM `ahgfrx_user` WHERE ( uid=1 ) LIMIT 1   [ RunTime:0.000109s ]
SQL: SELECT `username` FROM `ahgfrx_user` WHERE ( uid=1 ) LIMIT 1   [ RunTime:0.000102s ]
SQL: SELECT `username` FROM `ahgfrx_user` WHERE ( uid=1 ) LIMIT 1   [ RunTime:0.000133s ]
SQL: SELECT `name` FROM `ahgfrx_project` WHERE ( id=1 ) LIMIT 1   [ RunTime:0.000121s ]
SQL: SELECT `username` FROM `ahgfrx_user` WHERE ( uid=1 ) LIMIT 1   [ RunTime:0.000113s ]
SQL: SELECT `username` FROM `ahgfrx_user` WHERE ( uid=1 ) LIMIT 1   [ RunTime:0.000102s ]
SQL: SELECT `username` FROM `ahgfrx_user` WHERE ( uid=1 ) LIMIT 1   [ RunTime:0.000098s ]
SQL: SELECT `username` FROM `ahgfrx_user` WHERE ( uid=1 ) LIMIT 1   [ RunTime:0.000097s ]
SQL: SELECT `name` FROM `ahgfrx_project` WHERE ( id=1 ) LIMIT 1   [ RunTime:0.000102s ]
SQL: SELECT `username` FROM `ahgfrx_user` WHERE ( uid=1 ) LIMIT 1   [ RunTime:0.000098s ]
SQL: SELECT `username` FROM `ahgfrx_user` WHERE ( uid=1 ) LIMIT 1   [ RunTime:0.000096s ]
SQL: SELECT `username` FROM `ahgfrx_user` WHERE ( uid=1 ) LIMIT 1   [ RunTime:0.000094s ]
SQL: SELECT `username` FROM `ahgfrx_user` WHERE ( uid=1 ) LIMIT 1   [ RunTime:0.000149s ]
SQL: SELECT `name` FROM `ahgfrx_project` WHERE ( id=1 ) LIMIT 1   [ RunTime:0.000150s ]
SQL: SELECT `username` FROM `ahgfrx_user` WHERE ( uid=1 ) LIMIT 1   [ RunTime:0.000127s ]
SQL: SELECT `name` FROM `ahgfrx_project` WHERE ( id=1 ) LIMIT 1   [ RunTime:0.000134s ]
SQL: SELECT `username` FROM `ahgfrx_user` WHERE ( uid=1 ) LIMIT 1   [ RunTime:0.000135s ]
SQL: SELECT `name` FROM `ahgfrx_project` WHERE ( id=1 ) LIMIT 1   [ RunTime:0.000120s ]
SQL: SELECT `username` FROM `ahgfrx_user` WHERE ( uid=1 ) LIMIT 1   [ RunTime:0.000103s ]
SQL: SELECT `username` FROM `ahgfrx_user` WHERE ( uid=1 ) LIMIT 1   [ RunTime:0.000123s ]
SQL: SELECT `name` FROM `ahgfrx_project` WHERE ( id=6 ) LIMIT 1   [ RunTime:0.000112s ]
SQL: SELECT `username` FROM `ahgfrx_user` WHERE ( uid=1 ) LIMIT 1   [ RunTime:0.000101s ]
SQL: SELECT `name` FROM `ahgfrx_project` WHERE ( id=2 ) LIMIT 1   [ RunTime:0.000095s ]
SQL: SELECT `username` FROM `ahgfrx_user` WHERE ( uid=1 ) LIMIT 1   [ RunTime:0.000102s ]
SQL: SELECT `name` FROM `ahgfrx_project` WHERE ( id=1 ) LIMIT 1   [ RunTime:0.000098s ]
SQL: SELECT `username` FROM `ahgfrx_user` WHERE ( uid=1 ) LIMIT 1   [ RunTime:0.000098s ]
SQL: SELECT `name` FROM `ahgfrx_project` WHERE ( id=1 ) LIMIT 1   [ RunTime:0.000097s ]
SQL: SELECT `username` FROM `ahgfrx_user` WHERE ( uid=1 ) LIMIT 1   [ RunTime:0.000096s ]
SQL: SELECT `name` FROM `ahgfrx_project` WHERE ( id=1 ) LIMIT 1   [ RunTime:0.000101s ]
SQL: SELECT `username` FROM `ahgfrx_user` WHERE ( uid=1 ) LIMIT 1   [ RunTime:0.000096s ]
SQL: SELECT `username` FROM `ahgfrx_user` WHERE ( uid=1 ) LIMIT 1   [ RunTime:0.000094s ]
SQL: SELECT `username` FROM `ahgfrx_user` WHERE ( uid=1 ) LIMIT 1   [ RunTime:0.000095s ]
SQL: SELECT `username` FROM `ahgfrx_user` WHERE ( uid=1 ) LIMIT 1   [ RunTime:0.000094s ]
SQL: SELECT `name` FROM `ahgfrx_project` WHERE ( id=3 ) LIMIT 1   [ RunTime:0.000095s ]
SQL: SELECT `username` FROM `ahgfrx_user` WHERE ( uid=1 ) LIMIT 1   [ RunTime:0.000094s ]
SQL: SELECT `name` FROM `ahgfrx_project` WHERE ( id=1 ) LIMIT 1   [ RunTime:0.000110s ]
SQL: SELECT `username` FROM `ahgfrx_user` WHERE ( uid=1 ) LIMIT 1   [ RunTime:0.000095s ]
SQL: SELECT `username` FROM `ahgfrx_user` WHERE ( uid=1 ) LIMIT 1   [ RunTime:0.000102s ]
SQL: SELECT `username` FROM `ahgfrx_user` WHERE ( uid=1 ) LIMIT 1   [ RunTime:0.000095s ]
NOTIC: [8] Undefined variable: inform_count D:\php\ahgfrx\1\Application\Runtime\Cache\Home\5f8cd486e46ca9e27770556a0e5e75a8.php 第 121 行.
NOTIC: [8] Undefined variable: inform_count D:\php\ahgfrx\1\Application\Runtime\Cache\Home\5f8cd486e46ca9e27770556a0e5e75a8.php 第 121 行.
SQL: SELECT `name` FROM `ahgfrx_project` WHERE ( id=6 ) LIMIT 1   [ RunTime:0.000128s ]
INFO: Run Behavior\ParseTemplateBehavior [ RunTime:0.062174s ]
INFO: [ view_parse ] --END-- [ RunTime:0.062265s ]
INFO: [ view_filter ] --START--
INFO: Run Behavior\WriteHtmlCacheBehavior [ RunTime:0.000533s ]
INFO: [ view_filter ] --END-- [ RunTime:0.000589s ]
INFO: [ app_end ] --START--
INFO: Run Behavior\ShowPageTraceBehavior [ RunTime:0.000954s ]
INFO: [ app_end ] --END-- [ RunTime:0.001071s ]

[ 2014-10-09T12:49:36+08:00 ] 127.0.0.1 /Home/Project/1
ERR: XML标签语法错误 : name="member_list" id="vo" empty="<center

[ 2014-10-09T12:49:44+08:00 ] 127.0.0.1 /Home/Project/2
ERR: XML标签语法错误 : name="member_list" id="vo" empty="<center

